
*** Running vivado
    with args -log nanoprocessor.vds -m64 -product Vivado -mode batch -messageDb vivado.pb -notrace -source nanoprocessor.tcl


****** Vivado v2018.2 (64-bit)
  **** SW Build 2258646 on Thu Jun 14 20:03:12 MDT 2018
  **** IP Build 2256618 on Thu Jun 14 22:10:49 MDT 2018
    ** Copyright 1986-2018 Xilinx, Inc. All Rights Reserved.

source nanoprocessor.tcl -notrace
Command: synth_design -top nanoprocessor -part xc7a35tcpg236-1
Starting synth_design
Attempting to get a license for feature 'Synthesis' and/or device 'xc7a35t'
INFO: [Common 17-349] Got license for feature 'Synthesis' and/or device 'xc7a35t'
INFO: Launching helper process for spawning children vivado processes
INFO: Helper process launched with PID 19776 
---------------------------------------------------------------------------------
Starting RTL Elaboration : Time (s): cpu = 00:00:01 ; elapsed = 00:00:02 . Memory (MB): peak = 381.891 ; gain = 96.422
---------------------------------------------------------------------------------
INFO: [Synth 8-638] synthesizing module 'nanoprocessor' [C:/Users/Kaveen/Documents/CSE/SEM 2/CS1050 - Computer Oranization and Digital Design/Microprocessor/nanoprocessor/nanoprocessor.srcs/sources_1/new/nanoprocessor.vhd:51]
INFO: [Synth 8-3491] module 'Slow_Clk' declared at 'C:/Users/Kaveen/Documents/CSE/SEM 2/CS1050 - Computer Oranization and Digital Design/Microprocessor/repo/Nano-Processor/Slow_Clock/Slow_Clk.vhd:10' bound to instance 'U_SlwClk' of component 'Slow_Clk' [C:/Users/Kaveen/Documents/CSE/SEM 2/CS1050 - Computer Oranization and Digital Design/Microprocessor/nanoprocessor/nanoprocessor.srcs/sources_1/new/nanoprocessor.vhd:217]
INFO: [Synth 8-638] synthesizing module 'Slow_Clk' [C:/Users/Kaveen/Documents/CSE/SEM 2/CS1050 - Computer Oranization and Digital Design/Microprocessor/repo/Nano-Processor/Slow_Clock/Slow_Clk.vhd:14]
INFO: [Synth 8-256] done synthesizing module 'Slow_Clk' (1#1) [C:/Users/Kaveen/Documents/CSE/SEM 2/CS1050 - Computer Oranization and Digital Design/Microprocessor/repo/Nano-Processor/Slow_Clock/Slow_Clk.vhd:14]
INFO: [Synth 8-3491] module 'Program_Counter' declared at 'C:/Users/Kaveen/Documents/CSE/SEM 2/CS1050 - Computer Oranization and Digital Design/Microprocessor/repo/Nano-Processor/Monishka_components/Monishka_components.srcs/sources_1/new/Program_Counter.vhd:4' bound to instance 'U_PC' of component 'Program_Counter' [C:/Users/Kaveen/Documents/CSE/SEM 2/CS1050 - Computer Oranization and Digital Design/Microprocessor/nanoprocessor/nanoprocessor.srcs/sources_1/new/nanoprocessor.vhd:225]
INFO: [Synth 8-638] synthesizing module 'Program_Counter' [C:/Users/Kaveen/Documents/CSE/SEM 2/CS1050 - Computer Oranization and Digital Design/Microprocessor/repo/Nano-Processor/Monishka_components/Monishka_components.srcs/sources_1/new/Program_Counter.vhd:11]
INFO: [Synth 8-3491] module 'D_FF' declared at 'C:/Users/Kaveen/Documents/CSE/SEM 2/CS1050 - Computer Oranization and Digital Design/Microprocessor/repo/Nano-Processor/Monishka_components/Monishka_components.srcs/sources_1/new/D_FF.vhd:4' bound to instance 'D_FF_0' of component 'D_FF' [C:/Users/Kaveen/Documents/CSE/SEM 2/CS1050 - Computer Oranization and Digital Design/Microprocessor/repo/Nano-Processor/Monishka_components/Monishka_components.srcs/sources_1/new/Program_Counter.vhd:21]
INFO: [Synth 8-638] synthesizing module 'D_FF' [C:/Users/Kaveen/Documents/CSE/SEM 2/CS1050 - Computer Oranization and Digital Design/Microprocessor/repo/Nano-Processor/Monishka_components/Monishka_components.srcs/sources_1/new/D_FF.vhd:12]
INFO: [Synth 8-256] done synthesizing module 'D_FF' (2#1) [C:/Users/Kaveen/Documents/CSE/SEM 2/CS1050 - Computer Oranization and Digital Design/Microprocessor/repo/Nano-Processor/Monishka_components/Monishka_components.srcs/sources_1/new/D_FF.vhd:12]
INFO: [Synth 8-3491] module 'D_FF' declared at 'C:/Users/Kaveen/Documents/CSE/SEM 2/CS1050 - Computer Oranization and Digital Design/Microprocessor/repo/Nano-Processor/Monishka_components/Monishka_components.srcs/sources_1/new/D_FF.vhd:4' bound to instance 'D_FF_1' of component 'D_FF' [C:/Users/Kaveen/Documents/CSE/SEM 2/CS1050 - Computer Oranization and Digital Design/Microprocessor/repo/Nano-Processor/Monishka_components/Monishka_components.srcs/sources_1/new/Program_Counter.vhd:22]
INFO: [Synth 8-3491] module 'D_FF' declared at 'C:/Users/Kaveen/Documents/CSE/SEM 2/CS1050 - Computer Oranization and Digital Design/Microprocessor/repo/Nano-Processor/Monishka_components/Monishka_components.srcs/sources_1/new/D_FF.vhd:4' bound to instance 'D_FF_2' of component 'D_FF' [C:/Users/Kaveen/Documents/CSE/SEM 2/CS1050 - Computer Oranization and Digital Design/Microprocessor/repo/Nano-Processor/Monishka_components/Monishka_components.srcs/sources_1/new/Program_Counter.vhd:23]
INFO: [Synth 8-256] done synthesizing module 'Program_Counter' (3#1) [C:/Users/Kaveen/Documents/CSE/SEM 2/CS1050 - Computer Oranization and Digital Design/Microprocessor/repo/Nano-Processor/Monishka_components/Monishka_components.srcs/sources_1/new/Program_Counter.vhd:11]
INFO: [Synth 8-3491] module 'RCA_3' declared at 'C:/Users/Kaveen/Documents/CSE/SEM 2/CS1050 - Computer Oranization and Digital Design/Microprocessor/repo/Nano-Processor/Monishka_components/Monishka_components.srcs/sources_1/new/RCA_3.vhd:4' bound to instance 'U_PC_Adder' of component 'RCA_3' [C:/Users/Kaveen/Documents/CSE/SEM 2/CS1050 - Computer Oranization and Digital Design/Microprocessor/nanoprocessor/nanoprocessor.srcs/sources_1/new/nanoprocessor.vhd:235]
INFO: [Synth 8-638] synthesizing module 'RCA_3' [C:/Users/Kaveen/Documents/CSE/SEM 2/CS1050 - Computer Oranization and Digital Design/Microprocessor/repo/Nano-Processor/Monishka_components/Monishka_components.srcs/sources_1/new/RCA_3.vhd:12]
INFO: [Synth 8-3491] module 'FA' declared at 'C:/Users/Kaveen/Documents/CSE/SEM 2/CS1050 - Computer Oranization and Digital Design/Microprocessor/repo/Nano-Processor/Monishka_components/Monishka_components.srcs/sources_1/new/FA.vhd:4' bound to instance 'FA_0' of component 'FA' [C:/Users/Kaveen/Documents/CSE/SEM 2/CS1050 - Computer Oranization and Digital Design/Microprocessor/repo/Nano-Processor/Monishka_components/Monishka_components.srcs/sources_1/new/RCA_3.vhd:22]
INFO: [Synth 8-638] synthesizing module 'FA' [C:/Users/Kaveen/Documents/CSE/SEM 2/CS1050 - Computer Oranization and Digital Design/Microprocessor/repo/Nano-Processor/Monishka_components/Monishka_components.srcs/sources_1/new/FA.vhd:12]
INFO: [Synth 8-256] done synthesizing module 'FA' (4#1) [C:/Users/Kaveen/Documents/CSE/SEM 2/CS1050 - Computer Oranization and Digital Design/Microprocessor/repo/Nano-Processor/Monishka_components/Monishka_components.srcs/sources_1/new/FA.vhd:12]
INFO: [Synth 8-3491] module 'FA' declared at 'C:/Users/Kaveen/Documents/CSE/SEM 2/CS1050 - Computer Oranization and Digital Design/Microprocessor/repo/Nano-Processor/Monishka_components/Monishka_components.srcs/sources_1/new/FA.vhd:4' bound to instance 'FA_1' of component 'FA' [C:/Users/Kaveen/Documents/CSE/SEM 2/CS1050 - Computer Oranization and Digital Design/Microprocessor/repo/Nano-Processor/Monishka_components/Monishka_components.srcs/sources_1/new/RCA_3.vhd:30]
INFO: [Synth 8-3491] module 'FA' declared at 'C:/Users/Kaveen/Documents/CSE/SEM 2/CS1050 - Computer Oranization and Digital Design/Microprocessor/repo/Nano-Processor/Monishka_components/Monishka_components.srcs/sources_1/new/FA.vhd:4' bound to instance 'FA_2' of component 'FA' [C:/Users/Kaveen/Documents/CSE/SEM 2/CS1050 - Computer Oranization and Digital Design/Microprocessor/repo/Nano-Processor/Monishka_components/Monishka_components.srcs/sources_1/new/RCA_3.vhd:38]
INFO: [Synth 8-256] done synthesizing module 'RCA_3' (5#1) [C:/Users/Kaveen/Documents/CSE/SEM 2/CS1050 - Computer Oranization and Digital Design/Microprocessor/repo/Nano-Processor/Monishka_components/Monishka_components.srcs/sources_1/new/RCA_3.vhd:12]
INFO: [Synth 8-3491] module 'Mux_2_way_3_bit' declared at 'C:/Users/Kaveen/Documents/CSE/SEM 2/CS1050 - Computer Oranization and Digital Design/Microprocessor/repo/Nano-Processor/Monishka_components/Monishka_components.srcs/sources_1/new/Mux_2_way_3_bit.vhd:4' bound to instance 'U_AddressSel' of component 'Mux_2_way_3_bit' [C:/Users/Kaveen/Documents/CSE/SEM 2/CS1050 - Computer Oranization and Digital Design/Microprocessor/nanoprocessor/nanoprocessor.srcs/sources_1/new/nanoprocessor.vhd:246]
INFO: [Synth 8-638] synthesizing module 'Mux_2_way_3_bit' [C:/Users/Kaveen/Documents/CSE/SEM 2/CS1050 - Computer Oranization and Digital Design/Microprocessor/repo/Nano-Processor/Monishka_components/Monishka_components.srcs/sources_1/new/Mux_2_way_3_bit.vhd:11]
INFO: [Synth 8-256] done synthesizing module 'Mux_2_way_3_bit' (6#1) [C:/Users/Kaveen/Documents/CSE/SEM 2/CS1050 - Computer Oranization and Digital Design/Microprocessor/repo/Nano-Processor/Monishka_components/Monishka_components.srcs/sources_1/new/Mux_2_way_3_bit.vhd:11]
INFO: [Synth 8-3491] module 'Program_ROM' declared at 'C:/Users/Kaveen/Documents/CSE/SEM 2/CS1050 - Computer Oranization and Digital Design/Microprocessor/repo/Nano-Processor/Program_ROM/Program_ROM.vhd:37' bound to instance 'U_ROM' of component 'Program_ROM' [C:/Users/Kaveen/Documents/CSE/SEM 2/CS1050 - Computer Oranization and Digital Design/Microprocessor/nanoprocessor/nanoprocessor.srcs/sources_1/new/nanoprocessor.vhd:255]
INFO: [Synth 8-638] synthesizing module 'Program_ROM' [C:/Users/Kaveen/Documents/CSE/SEM 2/CS1050 - Computer Oranization and Digital Design/Microprocessor/repo/Nano-Processor/Program_ROM/Program_ROM.vhd:44]
INFO: [Synth 8-256] done synthesizing module 'Program_ROM' (7#1) [C:/Users/Kaveen/Documents/CSE/SEM 2/CS1050 - Computer Oranization and Digital Design/Microprocessor/repo/Nano-Processor/Program_ROM/Program_ROM.vhd:44]
INFO: [Synth 8-3491] module 'Inst_Decoder' declared at 'C:/Users/Kaveen/Documents/CSE/SEM 2/CS1050 - Computer Oranization and Digital Design/Microprocessor/repo/Nano-Processor/Instruction_Decoder/Instruction_Decoder.srcs/sources_1/new/Inst_Decoder.vhd:15' bound to instance 'U_ID' of component 'Inst_Decoder' [C:/Users/Kaveen/Documents/CSE/SEM 2/CS1050 - Computer Oranization and Digital Design/Microprocessor/nanoprocessor/nanoprocessor.srcs/sources_1/new/nanoprocessor.vhd:263]
INFO: [Synth 8-638] synthesizing module 'Inst_Decoder' [C:/Users/Kaveen/Documents/CSE/SEM 2/CS1050 - Computer Oranization and Digital Design/Microprocessor/repo/Nano-Processor/Instruction_Decoder/Instruction_Decoder.srcs/sources_1/new/Inst_Decoder.vhd:30]
INFO: [Synth 8-226] default block is never used [C:/Users/Kaveen/Documents/CSE/SEM 2/CS1050 - Computer Oranization and Digital Design/Microprocessor/repo/Nano-Processor/Instruction_Decoder/Instruction_Decoder.srcs/sources_1/new/Inst_Decoder.vhd:56]
INFO: [Synth 8-256] done synthesizing module 'Inst_Decoder' (8#1) [C:/Users/Kaveen/Documents/CSE/SEM 2/CS1050 - Computer Oranization and Digital Design/Microprocessor/repo/Nano-Processor/Instruction_Decoder/Instruction_Decoder.srcs/sources_1/new/Inst_Decoder.vhd:30]
INFO: [Synth 8-3491] module 'Mux_2_way_4_bit' declared at 'C:/Users/Kaveen/Documents/CSE/SEM 2/CS1050 - Computer Oranization and Digital Design/Microprocessor/repo/Nano-Processor/Mux_2_way_4_bit/Mux_2_way_4_bit.srcs/sources_1/new/Mux_2_way_4_bit.vhd:34' bound to instance 'U_LoadSel' of component 'Mux_2_way_4_bit' [C:/Users/Kaveen/Documents/CSE/SEM 2/CS1050 - Computer Oranization and Digital Design/Microprocessor/nanoprocessor/nanoprocessor.srcs/sources_1/new/nanoprocessor.vhd:281]
INFO: [Synth 8-638] synthesizing module 'Mux_2_way_4_bit' [C:/Users/Kaveen/Documents/CSE/SEM 2/CS1050 - Computer Oranization and Digital Design/Microprocessor/repo/Nano-Processor/Mux_2_way_4_bit/Mux_2_way_4_bit.srcs/sources_1/new/Mux_2_way_4_bit.vhd:41]
INFO: [Synth 8-226] default block is never used [C:/Users/Kaveen/Documents/CSE/SEM 2/CS1050 - Computer Oranization and Digital Design/Microprocessor/repo/Nano-Processor/Mux_2_way_4_bit/Mux_2_way_4_bit.srcs/sources_1/new/Mux_2_way_4_bit.vhd:46]
INFO: [Synth 8-256] done synthesizing module 'Mux_2_way_4_bit' (9#1) [C:/Users/Kaveen/Documents/CSE/SEM 2/CS1050 - Computer Oranization and Digital Design/Microprocessor/repo/Nano-Processor/Mux_2_way_4_bit/Mux_2_way_4_bit.srcs/sources_1/new/Mux_2_way_4_bit.vhd:41]
INFO: [Synth 8-3491] module 'Register_Bank' declared at 'C:/Users/Kaveen/Documents/CSE/SEM 2/CS1050 - Computer Oranization and Digital Design/Microprocessor/repo/Nano-Processor/Register_Bank/Register_Bank.srcs/sources_1/new/Register_Bank.vhd:5' bound to instance 'U_Regbank' of component 'Register_Bank' [C:/Users/Kaveen/Documents/CSE/SEM 2/CS1050 - Computer Oranization and Digital Design/Microprocessor/nanoprocessor/nanoprocessor.srcs/sources_1/new/nanoprocessor.vhd:291]
INFO: [Synth 8-638] synthesizing module 'Register_Bank' [C:/Users/Kaveen/Documents/CSE/SEM 2/CS1050 - Computer Oranization and Digital Design/Microprocessor/repo/Nano-Processor/Register_Bank/Register_Bank.srcs/sources_1/new/Register_Bank.vhd:15]
INFO: [Synth 8-638] synthesizing module 'Decoder_3_to_8' [C:/Users/Kaveen/Documents/CSE/SEM 2/CS1050 - Computer Oranization and Digital Design/Microprocessor/repo/Nano-Processor/Register_Bank/Register_Bank.srcs/sources_1/new/Decoder_3_to_8.vhd:15]
INFO: [Synth 8-3491] module 'Decoder_2_to_4' declared at 'C:/Users/Kaveen/Documents/CSE/SEM 2/CS1050 - Computer Oranization and Digital Design/Microprocessor/repo/Nano-Processor/Register_Bank/Register_Bank.srcs/sources_1/new/Decoder_2_to_4.vhd:10' bound to instance 'Decoder_2_to_4_0' of component 'Decoder_2_to_4' [C:/Users/Kaveen/Documents/CSE/SEM 2/CS1050 - Computer Oranization and Digital Design/Microprocessor/repo/Nano-Processor/Register_Bank/Register_Bank.srcs/sources_1/new/Decoder_3_to_8.vhd:26]
INFO: [Synth 8-638] synthesizing module 'Decoder_2_to_4' [C:/Users/Kaveen/Documents/CSE/SEM 2/CS1050 - Computer Oranization and Digital Design/Microprocessor/repo/Nano-Processor/Register_Bank/Register_Bank.srcs/sources_1/new/Decoder_2_to_4.vhd:15]
INFO: [Synth 8-256] done synthesizing module 'Decoder_2_to_4' (10#1) [C:/Users/Kaveen/Documents/CSE/SEM 2/CS1050 - Computer Oranization and Digital Design/Microprocessor/repo/Nano-Processor/Register_Bank/Register_Bank.srcs/sources_1/new/Decoder_2_to_4.vhd:15]
INFO: [Synth 8-3491] module 'Decoder_2_to_4' declared at 'C:/Users/Kaveen/Documents/CSE/SEM 2/CS1050 - Computer Oranization and Digital Design/Microprocessor/repo/Nano-Processor/Register_Bank/Register_Bank.srcs/sources_1/new/Decoder_2_to_4.vhd:10' bound to instance 'Decoder_2_to_4_1' of component 'Decoder_2_to_4' [C:/Users/Kaveen/Documents/CSE/SEM 2/CS1050 - Computer Oranization and Digital Design/Microprocessor/repo/Nano-Processor/Register_Bank/Register_Bank.srcs/sources_1/new/Decoder_3_to_8.vhd:31]
INFO: [Synth 8-256] done synthesizing module 'Decoder_3_to_8' (11#1) [C:/Users/Kaveen/Documents/CSE/SEM 2/CS1050 - Computer Oranization and Digital Design/Microprocessor/repo/Nano-Processor/Register_Bank/Register_Bank.srcs/sources_1/new/Decoder_3_to_8.vhd:15]
INFO: [Synth 8-638] synthesizing module '\reg ' [C:/Users/Kaveen/Documents/CSE/SEM 2/CS1050 - Computer Oranization and Digital Design/Microprocessor/repo/Nano-Processor/Register_Bank/Register_Bank.srcs/sources_1/new/reg.vhd:17]
	Parameter N bound to: 4 - type: integer 
INFO: [Synth 8-256] done synthesizing module '\reg ' (12#1) [C:/Users/Kaveen/Documents/CSE/SEM 2/CS1050 - Computer Oranization and Digital Design/Microprocessor/repo/Nano-Processor/Register_Bank/Register_Bank.srcs/sources_1/new/reg.vhd:17]
INFO: [Synth 8-256] done synthesizing module 'Register_Bank' (13#1) [C:/Users/Kaveen/Documents/CSE/SEM 2/CS1050 - Computer Oranization and Digital Design/Microprocessor/repo/Nano-Processor/Register_Bank/Register_Bank.srcs/sources_1/new/Register_Bank.vhd:15]
INFO: [Synth 8-3491] module 'Mux_8_to_1_4bit' declared at 'C:/Users/Kaveen/Documents/CSE/SEM 2/CS1050 - Computer Oranization and Digital Design/Microprocessor/repo/Nano-Processor/Mux_8_to_1_4bit/Mux_8_to_1_4bit.srcs/sources_1/new/Mux_8_to_1_4bit.vhd:34' bound to instance 'U_MuxA' of component 'Mux_8_to_1_4bit' [C:/Users/Kaveen/Documents/CSE/SEM 2/CS1050 - Computer Oranization and Digital Design/Microprocessor/nanoprocessor/nanoprocessor.srcs/sources_1/new/nanoprocessor.vhd:303]
INFO: [Synth 8-638] synthesizing module 'Mux_8_to_1_4bit' [C:/Users/Kaveen/Documents/CSE/SEM 2/CS1050 - Computer Oranization and Digital Design/Microprocessor/repo/Nano-Processor/Mux_8_to_1_4bit/Mux_8_to_1_4bit.srcs/sources_1/new/Mux_8_to_1_4bit.vhd:47]
INFO: [Synth 8-226] default block is never used [C:/Users/Kaveen/Documents/CSE/SEM 2/CS1050 - Computer Oranization and Digital Design/Microprocessor/repo/Nano-Processor/Mux_8_to_1_4bit/Mux_8_to_1_4bit.srcs/sources_1/new/Mux_8_to_1_4bit.vhd:52]
INFO: [Synth 8-256] done synthesizing module 'Mux_8_to_1_4bit' (14#1) [C:/Users/Kaveen/Documents/CSE/SEM 2/CS1050 - Computer Oranization and Digital Design/Microprocessor/repo/Nano-Processor/Mux_8_to_1_4bit/Mux_8_to_1_4bit.srcs/sources_1/new/Mux_8_to_1_4bit.vhd:47]
INFO: [Synth 8-3491] module 'Mux_8_to_1_4bit' declared at 'C:/Users/Kaveen/Documents/CSE/SEM 2/CS1050 - Computer Oranization and Digital Design/Microprocessor/repo/Nano-Processor/Mux_8_to_1_4bit/Mux_8_to_1_4bit.srcs/sources_1/new/Mux_8_to_1_4bit.vhd:34' bound to instance 'U_MuxB' of component 'Mux_8_to_1_4bit' [C:/Users/Kaveen/Documents/CSE/SEM 2/CS1050 - Computer Oranization and Digital Design/Microprocessor/nanoprocessor/nanoprocessor.srcs/sources_1/new/nanoprocessor.vhd:320]
INFO: [Synth 8-3491] module 'Add_Sub_4' declared at 'C:/Users/Kaveen/Documents/CSE/SEM 2/CS1050 - Computer Oranization and Digital Design/Microprocessor/repo/Nano-Processor/nano_processor.srcs/sources_1/new/Add_Sub_4.vhd:34' bound to instance 'U_ALU' of component 'Add_Sub_4' [C:/Users/Kaveen/Documents/CSE/SEM 2/CS1050 - Computer Oranization and Digital Design/Microprocessor/nanoprocessor/nanoprocessor.srcs/sources_1/new/nanoprocessor.vhd:336]
INFO: [Synth 8-638] synthesizing module 'Add_Sub_4' [C:/Users/Kaveen/Documents/CSE/SEM 2/CS1050 - Computer Oranization and Digital Design/Microprocessor/repo/Nano-Processor/nano_processor.srcs/sources_1/new/Add_Sub_4.vhd:44]
INFO: [Synth 8-3491] module 'FA' declared at 'C:/Users/Kaveen/Documents/CSE/SEM 2/CS1050 - Computer Oranization and Digital Design/Microprocessor/repo/Nano-Processor/Monishka_components/Monishka_components.srcs/sources_1/new/FA.vhd:4' bound to instance 'FA0' of component 'FA' [C:/Users/Kaveen/Documents/CSE/SEM 2/CS1050 - Computer Oranization and Digital Design/Microprocessor/repo/Nano-Processor/nano_processor.srcs/sources_1/new/Add_Sub_4.vhd:60]
INFO: [Synth 8-3491] module 'FA' declared at 'C:/Users/Kaveen/Documents/CSE/SEM 2/CS1050 - Computer Oranization and Digital Design/Microprocessor/repo/Nano-Processor/Monishka_components/Monishka_components.srcs/sources_1/new/FA.vhd:4' bound to instance 'FA1' of component 'FA' [C:/Users/Kaveen/Documents/CSE/SEM 2/CS1050 - Computer Oranization and Digital Design/Microprocessor/repo/Nano-Processor/nano_processor.srcs/sources_1/new/Add_Sub_4.vhd:61]
INFO: [Synth 8-3491] module 'FA' declared at 'C:/Users/Kaveen/Documents/CSE/SEM 2/CS1050 - Computer Oranization and Digital Design/Microprocessor/repo/Nano-Processor/Monishka_components/Monishka_components.srcs/sources_1/new/FA.vhd:4' bound to instance 'FA2' of component 'FA' [C:/Users/Kaveen/Documents/CSE/SEM 2/CS1050 - Computer Oranization and Digital Design/Microprocessor/repo/Nano-Processor/nano_processor.srcs/sources_1/new/Add_Sub_4.vhd:62]
INFO: [Synth 8-3491] module 'FA' declared at 'C:/Users/Kaveen/Documents/CSE/SEM 2/CS1050 - Computer Oranization and Digital Design/Microprocessor/repo/Nano-Processor/Monishka_components/Monishka_components.srcs/sources_1/new/FA.vhd:4' bound to instance 'FA3' of component 'FA' [C:/Users/Kaveen/Documents/CSE/SEM 2/CS1050 - Computer Oranization and Digital Design/Microprocessor/repo/Nano-Processor/nano_processor.srcs/sources_1/new/Add_Sub_4.vhd:63]
INFO: [Synth 8-256] done synthesizing module 'Add_Sub_4' (15#1) [C:/Users/Kaveen/Documents/CSE/SEM 2/CS1050 - Computer Oranization and Digital Design/Microprocessor/repo/Nano-Processor/nano_processor.srcs/sources_1/new/Add_Sub_4.vhd:44]
INFO: [Synth 8-3491] module 'Seven_seg_LUT' declared at 'C:/Users/Kaveen/Documents/CSE/SEM 2/CS1050 - Computer Oranization and Digital Design/Microprocessor/repo/Nano-Processor/Seven_Segment_Display_LUT/7_seg_LUT.srcs/sources_1/new/Seven_seg_LUT.vhd:35' bound to instance 'U_SevSegLUT' of component 'Seven_seg_LUT' [C:/Users/Kaveen/Documents/CSE/SEM 2/CS1050 - Computer Oranization and Digital Design/Microprocessor/nanoprocessor/nanoprocessor.srcs/sources_1/new/nanoprocessor.vhd:349]
INFO: [Synth 8-638] synthesizing module 'Seven_seg_LUT' [C:/Users/Kaveen/Documents/CSE/SEM 2/CS1050 - Computer Oranization and Digital Design/Microprocessor/repo/Nano-Processor/Seven_Segment_Display_LUT/7_seg_LUT.srcs/sources_1/new/Seven_seg_LUT.vhd:40]
INFO: [Synth 8-256] done synthesizing module 'Seven_seg_LUT' (16#1) [C:/Users/Kaveen/Documents/CSE/SEM 2/CS1050 - Computer Oranization and Digital Design/Microprocessor/repo/Nano-Processor/Seven_Segment_Display_LUT/7_seg_LUT.srcs/sources_1/new/Seven_seg_LUT.vhd:40]
INFO: [Synth 8-256] done synthesizing module 'nanoprocessor' (17#1) [C:/Users/Kaveen/Documents/CSE/SEM 2/CS1050 - Computer Oranization and Digital Design/Microprocessor/nanoprocessor/nanoprocessor.srcs/sources_1/new/nanoprocessor.vhd:51]
WARNING: [Synth 8-3917] design nanoprocessor has port anode[3] driven by constant 1
WARNING: [Synth 8-3917] design nanoprocessor has port anode[2] driven by constant 1
WARNING: [Synth 8-3917] design nanoprocessor has port anode[1] driven by constant 1
WARNING: [Synth 8-3917] design nanoprocessor has port anode[0] driven by constant 0
---------------------------------------------------------------------------------
Finished RTL Elaboration : Time (s): cpu = 00:00:02 ; elapsed = 00:00:03 . Memory (MB): peak = 437.375 ; gain = 151.906
---------------------------------------------------------------------------------

Report Check Netlist: 
+------+------------------+-------+---------+-------+------------------+
|      |Item              |Errors |Warnings |Status |Description       |
+------+------------------+-------+---------+-------+------------------+
|1     |multi_driven_nets |      0|        0|Passed |Multi driven nets |
+------+------------------+-------+---------+-------+------------------+
---------------------------------------------------------------------------------
Start Handling Custom Attributes
---------------------------------------------------------------------------------
---------------------------------------------------------------------------------
Finished Handling Custom Attributes : Time (s): cpu = 00:00:02 ; elapsed = 00:00:03 . Memory (MB): peak = 437.375 ; gain = 151.906
---------------------------------------------------------------------------------
---------------------------------------------------------------------------------
Finished RTL Optimization Phase 1 : Time (s): cpu = 00:00:02 ; elapsed = 00:00:03 . Memory (MB): peak = 437.375 ; gain = 151.906
---------------------------------------------------------------------------------
INFO: [Device 21-403] Loading part xc7a35tcpg236-1
INFO: [Project 1-570] Preparing netlist for logic optimization

Processing XDC Constraints
Initializing timing engine
Parsing XDC File [C:/Users/Kaveen/Documents/CSE/SEM 2/CS1050 - Computer Oranization and Digital Design/Microprocessor/nanoprocessor/nanoprocessor.srcs/constrs_1/new/nanoprocessorconst.xdc]
Finished Parsing XDC File [C:/Users/Kaveen/Documents/CSE/SEM 2/CS1050 - Computer Oranization and Digital Design/Microprocessor/nanoprocessor/nanoprocessor.srcs/constrs_1/new/nanoprocessorconst.xdc]
INFO: [Project 1-236] Implementation specific constraints were found while reading constraint file [C:/Users/Kaveen/Documents/CSE/SEM 2/CS1050 - Computer Oranization and Digital Design/Microprocessor/nanoprocessor/nanoprocessor.srcs/constrs_1/new/nanoprocessorconst.xdc]. These constraints will be ignored for synthesis but will be used in implementation. Impacted constraints are listed in the file [.Xil/nanoprocessor_propImpl.xdc].
Resolution: To avoid this warning, move constraints listed in [.Xil/nanoprocessor_propImpl.xdc] to another XDC file and exclude this new file from synthesis with the used_in_synthesis property (File Properties dialog in GUI) and re-run elaboration/synthesis.
Completed Processing XDC Constraints

INFO: [Project 1-111] Unisim Transformation Summary:
No Unisim elements were transformed.

Constraint Validation Runtime : Time (s): cpu = 00:00:00 ; elapsed = 00:00:00.004 . Memory (MB): peak = 762.699 ; gain = 0.000
---------------------------------------------------------------------------------
Finished Constraint Validation : Time (s): cpu = 00:00:09 ; elapsed = 00:00:13 . Memory (MB): peak = 762.699 ; gain = 477.230
---------------------------------------------------------------------------------
---------------------------------------------------------------------------------
Start Loading Part and Timing Information
---------------------------------------------------------------------------------
Loading part: xc7a35tcpg236-1
---------------------------------------------------------------------------------
Finished Loading Part and Timing Information : Time (s): cpu = 00:00:09 ; elapsed = 00:00:13 . Memory (MB): peak = 762.699 ; gain = 477.230
---------------------------------------------------------------------------------
---------------------------------------------------------------------------------
Start Applying 'set_property' XDC Constraints
---------------------------------------------------------------------------------
---------------------------------------------------------------------------------
Finished applying 'set_property' XDC Constraints : Time (s): cpu = 00:00:09 ; elapsed = 00:00:13 . Memory (MB): peak = 762.699 ; gain = 477.230
---------------------------------------------------------------------------------
INFO: [Synth 8-5545] ROM "count" won't be mapped to RAM because address size (32) is larger than maximum supported(25)
INFO: [Synth 8-5545] ROM "Clk_status" won't be mapped to RAM because address size (32) is larger than maximum supported(25)
INFO: [Synth 8-5544] ROM "adding_1_to_3" won't be mapped to Block RAM because address size (3) smaller than threshold (5)
INFO: [Synth 8-5544] ROM "J" won't be mapped to Block RAM because address size (4) smaller than threshold (5)
INFO: [Synth 8-5544] ROM "sevensegment_ROM" won't be mapped to Block RAM because address size (4) smaller than threshold (5)
---------------------------------------------------------------------------------
Finished RTL Optimization Phase 2 : Time (s): cpu = 00:00:09 ; elapsed = 00:00:13 . Memory (MB): peak = 762.699 ; gain = 477.230
---------------------------------------------------------------------------------

Report RTL Partitions: 
+-+--------------+------------+----------+
| |RTL Partition |Replication |Instances |
+-+--------------+------------+----------+
+-+--------------+------------+----------+
---------------------------------------------------------------------------------
Start RTL Component Statistics 
---------------------------------------------------------------------------------
Detailed RTL Component Info : 
+---Adders : 
	   2 Input     32 Bit       Adders := 1     
+---XORs : 
	   2 Input      1 Bit         XORs := 19    
+---Registers : 
	               32 Bit    Registers := 1     
	                4 Bit    Registers := 8     
	                1 Bit    Registers := 7     
+---Muxes : 
	   2 Input     32 Bit        Muxes := 1     
	   9 Input     12 Bit        Muxes := 1     
	  17 Input      7 Bit        Muxes := 1     
	   4 Input      4 Bit        Muxes := 1     
	   2 Input      4 Bit        Muxes := 1     
	   2 Input      3 Bit        Muxes := 2     
	   4 Input      3 Bit        Muxes := 4     
	   2 Input      1 Bit        Muxes := 1     
	   4 Input      1 Bit        Muxes := 2     
	   5 Input      1 Bit        Muxes := 1     
---------------------------------------------------------------------------------
Finished RTL Component Statistics 
---------------------------------------------------------------------------------
---------------------------------------------------------------------------------
Start RTL Hierarchical Component Statistics 
---------------------------------------------------------------------------------
Hierarchical RTL Component report 
Module Slow_Clk 
Detailed RTL Component Info : 
+---Adders : 
	   2 Input     32 Bit       Adders := 1     
+---Registers : 
	               32 Bit    Registers := 1     
	                1 Bit    Registers := 1     
+---Muxes : 
	   2 Input     32 Bit        Muxes := 1     
	   2 Input      1 Bit        Muxes := 1     
Module D_FF 
Detailed RTL Component Info : 
+---Registers : 
	                1 Bit    Registers := 2     
Module FA 
Detailed RTL Component Info : 
+---XORs : 
	   2 Input      1 Bit         XORs := 2     
Module Mux_2_way_3_bit 
Detailed RTL Component Info : 
+---Muxes : 
	   2 Input      3 Bit        Muxes := 1     
Module Program_ROM 
Detailed RTL Component Info : 
+---Muxes : 
	   9 Input     12 Bit        Muxes := 1     
Module Inst_Decoder 
Detailed RTL Component Info : 
+---Muxes : 
	   4 Input      4 Bit        Muxes := 1     
	   4 Input      3 Bit        Muxes := 4     
	   2 Input      3 Bit        Muxes := 1     
	   4 Input      1 Bit        Muxes := 2     
	   5 Input      1 Bit        Muxes := 1     
Module Mux_2_way_4_bit 
Detailed RTL Component Info : 
+---Muxes : 
	   2 Input      4 Bit        Muxes := 1     
Module reg 
Detailed RTL Component Info : 
+---Registers : 
	                4 Bit    Registers := 1     
Module Add_Sub_4 
Detailed RTL Component Info : 
+---XORs : 
	   2 Input      1 Bit         XORs := 5     
Module Seven_seg_LUT 
Detailed RTL Component Info : 
+---Muxes : 
	  17 Input      7 Bit        Muxes := 1     
---------------------------------------------------------------------------------
Finished RTL Hierarchical Component Statistics
---------------------------------------------------------------------------------
---------------------------------------------------------------------------------
Start Part Resource Summary
---------------------------------------------------------------------------------
Part Resources:
DSPs: 90 (col length:60)
BRAMs: 100 (col length: RAMB18 60 RAMB36 30)
---------------------------------------------------------------------------------
Finished Part Resource Summary
---------------------------------------------------------------------------------
---------------------------------------------------------------------------------
Start Cross Boundary and Area Optimization
---------------------------------------------------------------------------------
Warning: Parallel synthesis criteria is not met 
WARNING: [Synth 8-6014] Unused sequential element U_PC/D_FF_0/Qbar_reg was removed.  [C:/Users/Kaveen/Documents/CSE/SEM 2/CS1050 - Computer Oranization and Digital Design/Microprocessor/repo/Nano-Processor/Monishka_components/Monishka_components.srcs/sources_1/new/D_FF.vhd:19]
WARNING: [Synth 8-6014] Unused sequential element U_PC/D_FF_1/Qbar_reg was removed.  [C:/Users/Kaveen/Documents/CSE/SEM 2/CS1050 - Computer Oranization and Digital Design/Microprocessor/repo/Nano-Processor/Monishka_components/Monishka_components.srcs/sources_1/new/D_FF.vhd:19]
WARNING: [Synth 8-6014] Unused sequential element U_PC/D_FF_2/Qbar_reg was removed.  [C:/Users/Kaveen/Documents/CSE/SEM 2/CS1050 - Computer Oranization and Digital Design/Microprocessor/repo/Nano-Processor/Monishka_components/Monishka_components.srcs/sources_1/new/D_FF.vhd:19]
INFO: [Synth 8-5545] ROM "U_SlwClk/count" won't be mapped to RAM because address size (32) is larger than maximum supported(25)
INFO: [Synth 8-5545] ROM "U_SlwClk/Clk_status" won't be mapped to RAM because address size (32) is larger than maximum supported(25)
WARNING: [Synth 8-3917] design nanoprocessor has port anode[3] driven by constant 1
WARNING: [Synth 8-3917] design nanoprocessor has port anode[2] driven by constant 1
WARNING: [Synth 8-3917] design nanoprocessor has port anode[1] driven by constant 1
WARNING: [Synth 8-3917] design nanoprocessor has port anode[0] driven by constant 0
INFO: [Synth 8-3886] merging instance 'U_Regbank/reg_inst0/Q_reg[3]' (FDC) to 'U_Regbank/reg_inst0/Q_reg[2]'
INFO: [Synth 8-3886] merging instance 'U_Regbank/reg_inst0/Q_reg[0]' (FDC) to 'U_Regbank/reg_inst0/Q_reg[2]'
INFO: [Synth 8-3886] merging instance 'U_Regbank/reg_inst0/Q_reg[1]' (FDC) to 'U_Regbank/reg_inst0/Q_reg[2]'
INFO: [Synth 8-3333] propagating constant 0 across sequential element (\U_Regbank/reg_inst0/Q_reg[2] )
WARNING: [Synth 8-3332] Sequential element (U_Regbank/reg_inst0/Q_reg[2]) is unused and will be removed from module nanoprocessor.
---------------------------------------------------------------------------------
Finished Cross Boundary and Area Optimization : Time (s): cpu = 00:00:10 ; elapsed = 00:00:14 . Memory (MB): peak = 762.699 ; gain = 477.230
---------------------------------------------------------------------------------

Report RTL Partitions: 
+-+--------------+------------+----------+
| |RTL Partition |Replication |Instances |
+-+--------------+------------+----------+
+-+--------------+------------+----------+
---------------------------------------------------------------------------------
Start Applying XDC Timing Constraints
---------------------------------------------------------------------------------
---------------------------------------------------------------------------------
Finished Applying XDC Timing Constraints : Time (s): cpu = 00:00:17 ; elapsed = 00:00:22 . Memory (MB): peak = 762.699 ; gain = 477.230
---------------------------------------------------------------------------------
---------------------------------------------------------------------------------
Start Timing Optimization
---------------------------------------------------------------------------------
---------------------------------------------------------------------------------
Finished Timing Optimization : Time (s): cpu = 00:00:17 ; elapsed = 00:00:22 . Memory (MB): peak = 782.863 ; gain = 497.395
---------------------------------------------------------------------------------

Report RTL Partitions: 
+-+--------------+------------+----------+
| |RTL Partition |Replication |Instances |
+-+--------------+------------+----------+
+-+--------------+------------+----------+
---------------------------------------------------------------------------------
Start Technology Mapping
---------------------------------------------------------------------------------
INFO: [Synth 8-3886] merging instance 'U_Regbank/registers[3].reg_inst/Q_reg[1]' (FDCE) to 'U_Regbank/registers[6].reg_inst/Q_reg[1]'
INFO: [Synth 8-3886] merging instance 'U_Regbank/registers[5].reg_inst/Q_reg[1]' (FDCE) to 'U_Regbank/registers[6].reg_inst/Q_reg[1]'
INFO: [Synth 8-3886] merging instance 'U_Regbank/registers[4].reg_inst/Q_reg[1]' (FDCE) to 'U_Regbank/registers[6].reg_inst/Q_reg[1]'
INFO: [Synth 8-3333] propagating constant 0 across sequential element (\U_Regbank/registers[6].reg_inst/Q_reg[1] )
INFO: [Synth 8-3886] merging instance 'U_Regbank/registers[3].reg_inst/Q_reg[0]' (FDCE) to 'U_Regbank/registers[6].reg_inst/Q_reg[0]'
INFO: [Synth 8-3886] merging instance 'U_Regbank/registers[5].reg_inst/Q_reg[0]' (FDCE) to 'U_Regbank/registers[6].reg_inst/Q_reg[0]'
INFO: [Synth 8-3886] merging instance 'U_Regbank/registers[4].reg_inst/Q_reg[0]' (FDCE) to 'U_Regbank/registers[6].reg_inst/Q_reg[0]'
INFO: [Synth 8-3333] propagating constant 0 across sequential element (\U_Regbank/registers[6].reg_inst/Q_reg[0] )
INFO: [Synth 8-3886] merging instance 'U_Regbank/registers[3].reg_inst/Q_reg[2]' (FDCE) to 'U_Regbank/registers[6].reg_inst/Q_reg[2]'
INFO: [Synth 8-3886] merging instance 'U_Regbank/registers[5].reg_inst/Q_reg[2]' (FDCE) to 'U_Regbank/registers[6].reg_inst/Q_reg[2]'
INFO: [Synth 8-3886] merging instance 'U_Regbank/registers[4].reg_inst/Q_reg[2]' (FDCE) to 'U_Regbank/registers[6].reg_inst/Q_reg[2]'
INFO: [Synth 8-3333] propagating constant 0 across sequential element (\U_Regbank/registers[6].reg_inst/Q_reg[2] )
INFO: [Synth 8-3886] merging instance 'U_Regbank/registers[3].reg_inst/Q_reg[3]' (FDCE) to 'U_Regbank/registers[6].reg_inst/Q_reg[3]'
INFO: [Synth 8-3886] merging instance 'U_Regbank/registers[5].reg_inst/Q_reg[3]' (FDCE) to 'U_Regbank/registers[6].reg_inst/Q_reg[3]'
INFO: [Synth 8-3886] merging instance 'U_Regbank/registers[4].reg_inst/Q_reg[3]' (FDCE) to 'U_Regbank/registers[6].reg_inst/Q_reg[3]'
INFO: [Synth 8-3333] propagating constant 0 across sequential element (\U_Regbank/registers[6].reg_inst/Q_reg[3] )
WARNING: [Synth 8-3332] Sequential element (U_Regbank/registers[6].reg_inst/Q_reg[1]) is unused and will be removed from module nanoprocessor.
WARNING: [Synth 8-3332] Sequential element (U_Regbank/registers[6].reg_inst/Q_reg[0]) is unused and will be removed from module nanoprocessor.
WARNING: [Synth 8-3332] Sequential element (U_Regbank/registers[6].reg_inst/Q_reg[2]) is unused and will be removed from module nanoprocessor.
WARNING: [Synth 8-3332] Sequential element (U_Regbank/registers[6].reg_inst/Q_reg[3]) is unused and will be removed from module nanoprocessor.
---------------------------------------------------------------------------------
Finished Technology Mapping : Time (s): cpu = 00:00:17 ; elapsed = 00:00:22 . Memory (MB): peak = 785.926 ; gain = 500.457
---------------------------------------------------------------------------------

Report RTL Partitions: 
+-+--------------+------------+----------+
| |RTL Partition |Replication |Instances |
+-+--------------+------------+----------+
+-+--------------+------------+----------+
---------------------------------------------------------------------------------
Start IO Insertion
---------------------------------------------------------------------------------
---------------------------------------------------------------------------------
Start Flattening Before IO Insertion
---------------------------------------------------------------------------------
---------------------------------------------------------------------------------
Finished Flattening Before IO Insertion
---------------------------------------------------------------------------------
---------------------------------------------------------------------------------
Start Final Netlist Cleanup
---------------------------------------------------------------------------------
---------------------------------------------------------------------------------
Finished Final Netlist Cleanup
---------------------------------------------------------------------------------
---------------------------------------------------------------------------------
Finished IO Insertion : Time (s): cpu = 00:00:18 ; elapsed = 00:00:23 . Memory (MB): peak = 785.926 ; gain = 500.457
---------------------------------------------------------------------------------

Report Check Netlist: 
+------+------------------+-------+---------+-------+------------------+
|      |Item              |Errors |Warnings |Status |Description       |
+------+------------------+-------+---------+-------+------------------+
|1     |multi_driven_nets |      0|        0|Passed |Multi driven nets |
+------+------------------+-------+---------+-------+------------------+
---------------------------------------------------------------------------------
Start Renaming Generated Instances
---------------------------------------------------------------------------------
---------------------------------------------------------------------------------
Finished Renaming Generated Instances : Time (s): cpu = 00:00:18 ; elapsed = 00:00:23 . Memory (MB): peak = 785.926 ; gain = 500.457
---------------------------------------------------------------------------------

Report RTL Partitions: 
+-+--------------+------------+----------+
| |RTL Partition |Replication |Instances |
+-+--------------+------------+----------+
+-+--------------+------------+----------+
---------------------------------------------------------------------------------
Start Rebuilding User Hierarchy
---------------------------------------------------------------------------------
---------------------------------------------------------------------------------
Finished Rebuilding User Hierarchy : Time (s): cpu = 00:00:18 ; elapsed = 00:00:23 . Memory (MB): peak = 785.926 ; gain = 500.457
---------------------------------------------------------------------------------
---------------------------------------------------------------------------------
Start Renaming Generated Ports
---------------------------------------------------------------------------------
---------------------------------------------------------------------------------
Finished Renaming Generated Ports : Time (s): cpu = 00:00:18 ; elapsed = 00:00:23 . Memory (MB): peak = 785.926 ; gain = 500.457
---------------------------------------------------------------------------------
---------------------------------------------------------------------------------
Start Handling Custom Attributes
---------------------------------------------------------------------------------
---------------------------------------------------------------------------------
Finished Handling Custom Attributes : Time (s): cpu = 00:00:18 ; elapsed = 00:00:23 . Memory (MB): peak = 785.926 ; gain = 500.457
---------------------------------------------------------------------------------
---------------------------------------------------------------------------------
Start Renaming Generated Nets
---------------------------------------------------------------------------------
---------------------------------------------------------------------------------
Finished Renaming Generated Nets : Time (s): cpu = 00:00:18 ; elapsed = 00:00:23 . Memory (MB): peak = 785.926 ; gain = 500.457
---------------------------------------------------------------------------------
---------------------------------------------------------------------------------
Start Writing Synthesis Report
---------------------------------------------------------------------------------

Report BlackBoxes: 
+-+--------------+----------+
| |BlackBox name |Instances |
+-+--------------+----------+
+-+--------------+----------+

Report Cell Usage: 
+------+-------+------+
|      |Cell   |Count |
+------+-------+------+
|1     |BUFG   |     1|
|2     |CARRY4 |     8|
|3     |LUT2   |     2|
|4     |LUT3   |     5|
|5     |LUT4   |    17|
|6     |LUT5   |    18|
|7     |LUT6   |     4|
|8     |FDCE   |    15|
|9     |FDRE   |    33|
|10    |IBUF   |     2|
|11    |OBUF   |    17|
+------+-------+------+

Report Instance Areas: 
+------+----------------------------+----------------+------+
|      |Instance                    |Module          |Cells |
+------+----------------------------+----------------+------+
|1     |top                         |                |   122|
|2     |  U_PC                      |Program_Counter |    31|
|3     |    D_FF_0                  |D_FF            |    16|
|4     |    D_FF_1                  |D_FF_2          |    10|
|5     |    D_FF_2                  |D_FF_3          |     5|
|6     |  U_Regbank                 |Register_Bank   |    19|
|7     |    \registers[1].reg_inst  |\reg            |     4|
|8     |    \registers[2].reg_inst  |reg_0           |     4|
|9     |    \registers[7].reg_inst  |reg_1           |    11|
|10    |  U_SlwClk                  |Slow_Clk        |    52|
+------+----------------------------+----------------+------+
---------------------------------------------------------------------------------
Finished Writing Synthesis Report : Time (s): cpu = 00:00:18 ; elapsed = 00:00:23 . Memory (MB): peak = 785.926 ; gain = 500.457
---------------------------------------------------------------------------------
Synthesis finished with 0 errors, 0 critical warnings and 12 warnings.
Synthesis Optimization Runtime : Time (s): cpu = 00:00:11 ; elapsed = 00:00:16 . Memory (MB): peak = 785.926 ; gain = 175.133
Synthesis Optimization Complete : Time (s): cpu = 00:00:18 ; elapsed = 00:00:23 . Memory (MB): peak = 785.926 ; gain = 500.457
INFO: [Project 1-571] Translating synthesized netlist
INFO: [Netlist 29-17] Analyzing 10 Unisim elements for replacement
INFO: [Netlist 29-28] Unisim Transformation completed in 0 CPU seconds
INFO: [Project 1-570] Preparing netlist for logic optimization
INFO: [Opt 31-138] Pushed 0 inverter(s) to 0 load pin(s).
INFO: [Project 1-111] Unisim Transformation Summary:
No Unisim elements were transformed.

INFO: [Common 17-83] Releasing license: Synthesis
100 Infos, 16 Warnings, 0 Critical Warnings and 0 Errors encountered.
synth_design completed successfully
synth_design: Time (s): cpu = 00:00:19 ; elapsed = 00:00:25 . Memory (MB): peak = 785.926 ; gain = 512.871
WARNING: [Constraints 18-5210] No constraint will be written out.
INFO: [Common 17-1381] The checkpoint 'C:/Users/Kaveen/Documents/CSE/SEM 2/CS1050 - Computer Oranization and Digital Design/Microprocessor/nanoprocessor/nanoprocessor.runs/synth_1/nanoprocessor.dcp' has been generated.
INFO: [runtcl-4] Executing : report_utilization -file nanoprocessor_utilization_synth.rpt -pb nanoprocessor_utilization_synth.pb
report_utilization: Time (s): cpu = 00:00:00 ; elapsed = 00:00:00.020 . Memory (MB): peak = 785.926 ; gain = 0.000
INFO: [Common 17-206] Exiting Vivado at Thu May  7 17:13:00 2026...
