#-----------------------------------------------------------
# Vivado v2018.2 (64-bit)
# SW Build 2258646 on Thu Jun 14 20:03:12 MDT 2018
# IP Build 2256618 on Thu Jun 14 22:10:49 MDT 2018
# Start of session at: Tue May  5 11:10:31 2026
# Process ID: 28192
# Current directory: C:/Users/Kaveen/Documents/CSE/SEM 2/CS1050 - Computer Oranization and Digital Design/Microprocessor/nanoprocessor
# Command line: vivado.exe -gui_launcher_event rodinguilauncherevent22080 C:\Users\Kaveen\Documents\CSE\SEM 2\CS1050 - Computer Oranization and Digital Design\Microprocessor\nanoprocessor\nanoprocessor.xpr
# Log file: C:/Users/Kaveen/Documents/CSE/SEM 2/CS1050 - Computer Oranization and Digital Design/Microprocessor/nanoprocessor/vivado.log
# Journal file: C:/Users/Kaveen/Documents/CSE/SEM 2/CS1050 - Computer Oranization and Digital Design/Microprocessor/nanoprocessor\vivado.jou
#-----------------------------------------------------------
start_gui
open_project {C:/Users/Kaveen/Documents/CSE/SEM 2/CS1050 - Computer Oranization and Digital Design/Microprocessor/nanoprocessor/nanoprocessor.xpr}
INFO: [ProjectBase 1-489] The host OS only allows 260 characters in a normal path. The project is stored in a path with more than 80 characters. If you experience issues with IP, Block Designs, or files not being found, please consider moving the project to a location with a shorter path. Alternately consider using the OS subst command to map part of the path to a drive letter.
Current project path is 'C:/Users/Kaveen/Documents/CSE/SEM 2/CS1050 - Computer Oranization and Digital Design/Microprocessor/nanoprocessor'
CRITICAL WARNING: [Project 1-19] Could not find the file 'C:/Users/Kaveen/Documents/CSE/SEM 2/CS1050 - Computer Oranization and Digital Design/Microprocessor/repo-organized/Nano-Processor/Pramudith_Jayawardhana/Add_Sub_4.vhd'.
Scanning sources...
Finished scanning sources
INFO: [IP_Flow 19-234] Refreshing IP repositories
INFO: [IP_Flow 19-1704] No user IP repositories specified
INFO: [IP_Flow 19-2313] Loaded Vivado IP repository 'C:/Xilinx/Vivado/2018.2/data/ip'.
open_project: Time (s): cpu = 00:00:13 ; elapsed = 00:00:11 . Memory (MB): peak = 831.113 ; gain = 104.867
update_compile_order -fileset sources_1
update_files -from_files {{C:/Users/Kaveen/Documents/CSE/SEM 2/CS1050 - Computer Oranization and Digital Design/Microprocessor/project_2/project_2.srcs/sources_1/new/Add_Sub_4.vhd}} -to_files {{C:/Users/Kaveen/Documents/CSE/SEM 2/CS1050 - Computer Oranization and Digital Design/Microprocessor/repo-organized/Nano-Processor/Pramudith_Jayawardhana/Add_Sub_4.vhd}} -filesets [get_filesets *]
INFO: [filemgmt 20-762] Replacing file 'C:/Users/Kaveen/Documents/CSE/SEM 2/CS1050 - Computer Oranization and Digital Design/Microprocessor/repo-organized/Nano-Processor/Pramudith_Jayawardhana/Add_Sub_4.vhd' with file 'C:/Users/Kaveen/Documents/CSE/SEM 2/CS1050 - Computer Oranization and Digital Design/Microprocessor/project_2/project_2.srcs/sources_1/new/Add_Sub_4.vhd'.
update_compile_order -fileset sources_1
reset_run synth_1
launch_runs synth_1 -jobs 8
[Tue May  5 11:15:40 2026] Launched synth_1...
Run output will be captured here: C:/Users/Kaveen/Documents/CSE/SEM 2/CS1050 - Computer Oranization and Digital Design/Microprocessor/nanoprocessor/nanoprocessor.runs/synth_1/runme.log
update_files -from_files {{C:/Users/Kaveen/Documents/CSE/SEM 2/CS1050 - Computer Oranization and Digital Design/Microprocessor/repo/Nano-Processor/nano_processor.srcs/sources_1/new/Add_Sub_4.vhd}} -to_files {{C:/Users/Kaveen/Documents/CSE/SEM 2/CS1050 - Computer Oranization and Digital Design/Microprocessor/project_2/project_2.srcs/sources_1/new/Add_Sub_4.vhd}} -filesets [get_filesets *]
INFO: [filemgmt 20-762] Replacing file 'C:/Users/Kaveen/Documents/CSE/SEM 2/CS1050 - Computer Oranization and Digital Design/Microprocessor/project_2/project_2.srcs/sources_1/new/Add_Sub_4.vhd' with file 'C:/Users/Kaveen/Documents/CSE/SEM 2/CS1050 - Computer Oranization and Digital Design/Microprocessor/repo/Nano-Processor/nano_processor.srcs/sources_1/new/Add_Sub_4.vhd'.
reset_run synth_1
launch_runs synth_1 -jobs 8
[Tue May  5 11:20:01 2026] Launched synth_1...
Run output will be captured here: C:/Users/Kaveen/Documents/CSE/SEM 2/CS1050 - Computer Oranization and Digital Design/Microprocessor/nanoprocessor/nanoprocessor.runs/synth_1/runme.log
reset_run synth_1
launch_runs synth_1 -jobs 8
[Tue May  5 11:24:24 2026] Launched synth_1...
Run output will be captured here: C:/Users/Kaveen/Documents/CSE/SEM 2/CS1050 - Computer Oranization and Digital Design/Microprocessor/nanoprocessor/nanoprocessor.runs/synth_1/runme.log
reset_run synth_1
launch_runs synth_1 -jobs 8
[Tue May  5 11:25:09 2026] Launched synth_1...
Run output will be captured here: C:/Users/Kaveen/Documents/CSE/SEM 2/CS1050 - Computer Oranization and Digital Design/Microprocessor/nanoprocessor/nanoprocessor.runs/synth_1/runme.log
synth_design -rtl -name rtl_1
Command: synth_design -rtl -name rtl_1
Starting synth_design
Using part: xc7a35tcpg236-1
Top: nanoprocessor
---------------------------------------------------------------------------------
Starting RTL Elaboration : Time (s): cpu = 00:00:02 ; elapsed = 00:00:02 . Memory (MB): peak = 1000.941 ; gain = 104.004
---------------------------------------------------------------------------------
INFO: [Synth 8-638] synthesizing module 'nanoprocessor' [C:/Users/Kaveen/Documents/CSE/SEM 2/CS1050 - Computer Oranization and Digital Design/Microprocessor/nanoprocessor/nanoprocessor.srcs/sources_1/new/nanoprocessor.vhd:51]
INFO: [Synth 8-3491] module 'Slow_Clk' declared at 'C:/Users/Kaveen/Documents/CSE/SEM 2/CS1050 - Computer Oranization and Digital Design/Microprocessor/repo/Nano-Processor/Slow_Clock/Slow_Clk.vhd:10' bound to instance 'U_SlwClk' of component 'Slow_Clk' [C:/Users/Kaveen/Documents/CSE/SEM 2/CS1050 - Computer Oranization and Digital Design/Microprocessor/nanoprocessor/nanoprocessor.srcs/sources_1/new/nanoprocessor.vhd:217]
INFO: [Synth 8-638] synthesizing module 'Slow_Clk' [C:/Users/Kaveen/Documents/CSE/SEM 2/CS1050 - Computer Oranization and Digital Design/Microprocessor/repo/Nano-Processor/Slow_Clock/Slow_Clk.vhd:14]
INFO: [Synth 8-256] done synthesizing module 'Slow_Clk' (1#1) [C:/Users/Kaveen/Documents/CSE/SEM 2/CS1050 - Computer Oranization and Digital Design/Microprocessor/repo/Nano-Processor/Slow_Clock/Slow_Clk.vhd:14]
INFO: [Synth 8-3491] module 'Program_Counter' declared at 'C:/Users/Kaveen/Documents/CSE/SEM 2/CS1050 - Computer Oranization and Digital Design/Microprocessor/repo/Nano-Processor/Monishka_components/Monishka_components.srcs/sources_1/new/Program_Counter.vhd:4' bound to instance 'U_PC' of component 'Program_Counter' [C:/Users/Kaveen/Documents/CSE/SEM 2/CS1050 - Computer Oranization and Digital Design/Microprocessor/nanoprocessor/nanoprocessor.srcs/sources_1/new/nanoprocessor.vhd:225]
INFO: [Synth 8-638] synthesizing module 'Program_Counter' [C:/Users/Kaveen/Documents/CSE/SEM 2/CS1050 - Computer Oranization and Digital Design/Microprocessor/repo/Nano-Processor/Monishka_components/Monishka_components.srcs/sources_1/new/Program_Counter.vhd:11]
INFO: [Synth 8-3491] module 'D_FF' declared at 'C:/Users/Kaveen/Documents/CSE/SEM 2/CS1050 - Computer Oranization and Digital Design/Microprocessor/repo/Nano-Processor/Monishka_components/Monishka_components.srcs/sources_1/new/D_FF.vhd:4' bound to instance 'D_FF_0' of component 'D_FF' [C:/Users/Kaveen/Documents/CSE/SEM 2/CS1050 - Computer Oranization and Digital Design/Microprocessor/repo/Nano-Processor/Monishka_components/Monishka_components.srcs/sources_1/new/Program_Counter.vhd:21]
INFO: [Synth 8-638] synthesizing module 'D_FF' [C:/Users/Kaveen/Documents/CSE/SEM 2/CS1050 - Computer Oranization and Digital Design/Microprocessor/repo/Nano-Processor/Monishka_components/Monishka_components.srcs/sources_1/new/D_FF.vhd:12]
INFO: [Synth 8-256] done synthesizing module 'D_FF' (2#1) [C:/Users/Kaveen/Documents/CSE/SEM 2/CS1050 - Computer Oranization and Digital Design/Microprocessor/repo/Nano-Processor/Monishka_components/Monishka_components.srcs/sources_1/new/D_FF.vhd:12]
INFO: [Synth 8-3491] module 'D_FF' declared at 'C:/Users/Kaveen/Documents/CSE/SEM 2/CS1050 - Computer Oranization and Digital Design/Microprocessor/repo/Nano-Processor/Monishka_components/Monishka_components.srcs/sources_1/new/D_FF.vhd:4' bound to instance 'D_FF_1' of component 'D_FF' [C:/Users/Kaveen/Documents/CSE/SEM 2/CS1050 - Computer Oranization and Digital Design/Microprocessor/repo/Nano-Processor/Monishka_components/Monishka_components.srcs/sources_1/new/Program_Counter.vhd:22]
INFO: [Synth 8-3491] module 'D_FF' declared at 'C:/Users/Kaveen/Documents/CSE/SEM 2/CS1050 - Computer Oranization and Digital Design/Microprocessor/repo/Nano-Processor/Monishka_components/Monishka_components.srcs/sources_1/new/D_FF.vhd:4' bound to instance 'D_FF_2' of component 'D_FF' [C:/Users/Kaveen/Documents/CSE/SEM 2/CS1050 - Computer Oranization and Digital Design/Microprocessor/repo/Nano-Processor/Monishka_components/Monishka_components.srcs/sources_1/new/Program_Counter.vhd:23]
INFO: [Synth 8-256] done synthesizing module 'Program_Counter' (3#1) [C:/Users/Kaveen/Documents/CSE/SEM 2/CS1050 - Computer Oranization and Digital Design/Microprocessor/repo/Nano-Processor/Monishka_components/Monishka_components.srcs/sources_1/new/Program_Counter.vhd:11]
INFO: [Synth 8-3491] module 'RCA_3' declared at 'C:/Users/Kaveen/Documents/CSE/SEM 2/CS1050 - Computer Oranization and Digital Design/Microprocessor/repo/Nano-Processor/Monishka_components/Monishka_components.srcs/sources_1/new/RCA_3.vhd:4' bound to instance 'U_PC_Adder' of component 'RCA_3' [C:/Users/Kaveen/Documents/CSE/SEM 2/CS1050 - Computer Oranization and Digital Design/Microprocessor/nanoprocessor/nanoprocessor.srcs/sources_1/new/nanoprocessor.vhd:235]
INFO: [Synth 8-638] synthesizing module 'RCA_3' [C:/Users/Kaveen/Documents/CSE/SEM 2/CS1050 - Computer Oranization and Digital Design/Microprocessor/repo/Nano-Processor/Monishka_components/Monishka_components.srcs/sources_1/new/RCA_3.vhd:12]
INFO: [Synth 8-3491] module 'FA' declared at 'C:/Users/Kaveen/Documents/CSE/SEM 2/CS1050 - Computer Oranization and Digital Design/Microprocessor/repo/Nano-Processor/Monishka_components/Monishka_components.srcs/sources_1/new/FA.vhd:4' bound to instance 'FA_0' of component 'FA' [C:/Users/Kaveen/Documents/CSE/SEM 2/CS1050 - Computer Oranization and Digital Design/Microprocessor/repo/Nano-Processor/Monishka_components/Monishka_components.srcs/sources_1/new/RCA_3.vhd:22]
INFO: [Synth 8-638] synthesizing module 'FA' [C:/Users/Kaveen/Documents/CSE/SEM 2/CS1050 - Computer Oranization and Digital Design/Microprocessor/repo/Nano-Processor/Monishka_components/Monishka_components.srcs/sources_1/new/FA.vhd:12]
INFO: [Synth 8-256] done synthesizing module 'FA' (4#1) [C:/Users/Kaveen/Documents/CSE/SEM 2/CS1050 - Computer Oranization and Digital Design/Microprocessor/repo/Nano-Processor/Monishka_components/Monishka_components.srcs/sources_1/new/FA.vhd:12]
INFO: [Synth 8-3491] module 'FA' declared at 'C:/Users/Kaveen/Documents/CSE/SEM 2/CS1050 - Computer Oranization and Digital Design/Microprocessor/repo/Nano-Processor/Monishka_components/Monishka_components.srcs/sources_1/new/FA.vhd:4' bound to instance 'FA_1' of component 'FA' [C:/Users/Kaveen/Documents/CSE/SEM 2/CS1050 - Computer Oranization and Digital Design/Microprocessor/repo/Nano-Processor/Monishka_components/Monishka_components.srcs/sources_1/new/RCA_3.vhd:30]
INFO: [Synth 8-3491] module 'FA' declared at 'C:/Users/Kaveen/Documents/CSE/SEM 2/CS1050 - Computer Oranization and Digital Design/Microprocessor/repo/Nano-Processor/Monishka_components/Monishka_components.srcs/sources_1/new/FA.vhd:4' bound to instance 'FA_2' of component 'FA' [C:/Users/Kaveen/Documents/CSE/SEM 2/CS1050 - Computer Oranization and Digital Design/Microprocessor/repo/Nano-Processor/Monishka_components/Monishka_components.srcs/sources_1/new/RCA_3.vhd:38]
INFO: [Synth 8-256] done synthesizing module 'RCA_3' (5#1) [C:/Users/Kaveen/Documents/CSE/SEM 2/CS1050 - Computer Oranization and Digital Design/Microprocessor/repo/Nano-Processor/Monishka_components/Monishka_components.srcs/sources_1/new/RCA_3.vhd:12]
INFO: [Synth 8-3491] module 'Mux_2_way_3_bit' declared at 'C:/Users/Kaveen/Documents/CSE/SEM 2/CS1050 - Computer Oranization and Digital Design/Microprocessor/repo/Nano-Processor/Monishka_components/Monishka_components.srcs/sources_1/new/Mux_2_way_3_bit.vhd:4' bound to instance 'U_AddressSel' of component 'Mux_2_way_3_bit' [C:/Users/Kaveen/Documents/CSE/SEM 2/CS1050 - Computer Oranization and Digital Design/Microprocessor/nanoprocessor/nanoprocessor.srcs/sources_1/new/nanoprocessor.vhd:246]
INFO: [Synth 8-638] synthesizing module 'Mux_2_way_3_bit' [C:/Users/Kaveen/Documents/CSE/SEM 2/CS1050 - Computer Oranization and Digital Design/Microprocessor/repo/Nano-Processor/Monishka_components/Monishka_components.srcs/sources_1/new/Mux_2_way_3_bit.vhd:11]
INFO: [Synth 8-256] done synthesizing module 'Mux_2_way_3_bit' (6#1) [C:/Users/Kaveen/Documents/CSE/SEM 2/CS1050 - Computer Oranization and Digital Design/Microprocessor/repo/Nano-Processor/Monishka_components/Monishka_components.srcs/sources_1/new/Mux_2_way_3_bit.vhd:11]
INFO: [Synth 8-3491] module 'Program_ROM' declared at 'C:/Users/Kaveen/Documents/CSE/SEM 2/CS1050 - Computer Oranization and Digital Design/Microprocessor/repo/Nano-Processor/Program_ROM/Program_ROM.vhd:37' bound to instance 'U_ROM' of component 'Program_ROM' [C:/Users/Kaveen/Documents/CSE/SEM 2/CS1050 - Computer Oranization and Digital Design/Microprocessor/nanoprocessor/nanoprocessor.srcs/sources_1/new/nanoprocessor.vhd:255]
INFO: [Synth 8-638] synthesizing module 'Program_ROM' [C:/Users/Kaveen/Documents/CSE/SEM 2/CS1050 - Computer Oranization and Digital Design/Microprocessor/repo/Nano-Processor/Program_ROM/Program_ROM.vhd:44]
INFO: [Synth 8-256] done synthesizing module 'Program_ROM' (7#1) [C:/Users/Kaveen/Documents/CSE/SEM 2/CS1050 - Computer Oranization and Digital Design/Microprocessor/repo/Nano-Processor/Program_ROM/Program_ROM.vhd:44]
INFO: [Synth 8-3491] module 'Inst_Decoder' declared at 'C:/Users/Kaveen/Documents/CSE/SEM 2/CS1050 - Computer Oranization and Digital Design/Microprocessor/repo/Nano-Processor/Instruction_Decoder/Instruction_Decoder.srcs/sources_1/new/Inst_Decoder.vhd:15' bound to instance 'U_ID' of component 'Inst_Decoder' [C:/Users/Kaveen/Documents/CSE/SEM 2/CS1050 - Computer Oranization and Digital Design/Microprocessor/nanoprocessor/nanoprocessor.srcs/sources_1/new/nanoprocessor.vhd:263]
INFO: [Synth 8-638] synthesizing module 'Inst_Decoder' [C:/Users/Kaveen/Documents/CSE/SEM 2/CS1050 - Computer Oranization and Digital Design/Microprocessor/repo/Nano-Processor/Instruction_Decoder/Instruction_Decoder.srcs/sources_1/new/Inst_Decoder.vhd:30]
INFO: [Synth 8-226] default block is never used [C:/Users/Kaveen/Documents/CSE/SEM 2/CS1050 - Computer Oranization and Digital Design/Microprocessor/repo/Nano-Processor/Instruction_Decoder/Instruction_Decoder.srcs/sources_1/new/Inst_Decoder.vhd:56]
INFO: [Synth 8-256] done synthesizing module 'Inst_Decoder' (8#1) [C:/Users/Kaveen/Documents/CSE/SEM 2/CS1050 - Computer Oranization and Digital Design/Microprocessor/repo/Nano-Processor/Instruction_Decoder/Instruction_Decoder.srcs/sources_1/new/Inst_Decoder.vhd:30]
INFO: [Synth 8-3491] module 'Mux_2_way_4_bit' declared at 'C:/Users/Kaveen/Documents/CSE/SEM 2/CS1050 - Computer Oranization and Digital Design/Microprocessor/repo/Nano-Processor/Mux_2_way_4_bit/Mux_2_way_4_bit.srcs/sources_1/new/Mux_2_way_4_bit.vhd:34' bound to instance 'U_LoadSel' of component 'Mux_2_way_4_bit' [C:/Users/Kaveen/Documents/CSE/SEM 2/CS1050 - Computer Oranization and Digital Design/Microprocessor/nanoprocessor/nanoprocessor.srcs/sources_1/new/nanoprocessor.vhd:281]
INFO: [Synth 8-638] synthesizing module 'Mux_2_way_4_bit' [C:/Users/Kaveen/Documents/CSE/SEM 2/CS1050 - Computer Oranization and Digital Design/Microprocessor/repo/Nano-Processor/Mux_2_way_4_bit/Mux_2_way_4_bit.srcs/sources_1/new/Mux_2_way_4_bit.vhd:41]
INFO: [Synth 8-226] default block is never used [C:/Users/Kaveen/Documents/CSE/SEM 2/CS1050 - Computer Oranization and Digital Design/Microprocessor/repo/Nano-Processor/Mux_2_way_4_bit/Mux_2_way_4_bit.srcs/sources_1/new/Mux_2_way_4_bit.vhd:46]
INFO: [Synth 8-256] done synthesizing module 'Mux_2_way_4_bit' (9#1) [C:/Users/Kaveen/Documents/CSE/SEM 2/CS1050 - Computer Oranization and Digital Design/Microprocessor/repo/Nano-Processor/Mux_2_way_4_bit/Mux_2_way_4_bit.srcs/sources_1/new/Mux_2_way_4_bit.vhd:41]
INFO: [Synth 8-3491] module 'Register_Bank' declared at 'C:/Users/Kaveen/Documents/CSE/SEM 2/CS1050 - Computer Oranization and Digital Design/Microprocessor/repo/Nano-Processor/Register_Bank/Register_Bank.srcs/sources_1/new/Register_Bank.vhd:5' bound to instance 'U_Regbank' of component 'Register_Bank' [C:/Users/Kaveen/Documents/CSE/SEM 2/CS1050 - Computer Oranization and Digital Design/Microprocessor/nanoprocessor/nanoprocessor.srcs/sources_1/new/nanoprocessor.vhd:291]
INFO: [Synth 8-638] synthesizing module 'Register_Bank' [C:/Users/Kaveen/Documents/CSE/SEM 2/CS1050 - Computer Oranization and Digital Design/Microprocessor/repo/Nano-Processor/Register_Bank/Register_Bank.srcs/sources_1/new/Register_Bank.vhd:15]
INFO: [Synth 8-638] synthesizing module 'Decoder_3_to_8' [C:/Users/Kaveen/Documents/CSE/SEM 2/CS1050 - Computer Oranization and Digital Design/Microprocessor/repo/Nano-Processor/Register_Bank/Register_Bank.srcs/sources_1/new/Decoder_3_to_8.vhd:15]
INFO: [Synth 8-3491] module 'Decoder_2_to_4' declared at 'C:/Users/Kaveen/Documents/CSE/SEM 2/CS1050 - Computer Oranization and Digital Design/Microprocessor/repo/Nano-Processor/Register_Bank/Register_Bank.srcs/sources_1/new/Decoder_2_to_4.vhd:10' bound to instance 'Decoder_2_to_4_0' of component 'Decoder_2_to_4' [C:/Users/Kaveen/Documents/CSE/SEM 2/CS1050 - Computer Oranization and Digital Design/Microprocessor/repo/Nano-Processor/Register_Bank/Register_Bank.srcs/sources_1/new/Decoder_3_to_8.vhd:26]
INFO: [Synth 8-638] synthesizing module 'Decoder_2_to_4' [C:/Users/Kaveen/Documents/CSE/SEM 2/CS1050 - Computer Oranization and Digital Design/Microprocessor/repo/Nano-Processor/Register_Bank/Register_Bank.srcs/sources_1/new/Decoder_2_to_4.vhd:15]
INFO: [Synth 8-256] done synthesizing module 'Decoder_2_to_4' (10#1) [C:/Users/Kaveen/Documents/CSE/SEM 2/CS1050 - Computer Oranization and Digital Design/Microprocessor/repo/Nano-Processor/Register_Bank/Register_Bank.srcs/sources_1/new/Decoder_2_to_4.vhd:15]
INFO: [Synth 8-3491] module 'Decoder_2_to_4' declared at 'C:/Users/Kaveen/Documents/CSE/SEM 2/CS1050 - Computer Oranization and Digital Design/Microprocessor/repo/Nano-Processor/Register_Bank/Register_Bank.srcs/sources_1/new/Decoder_2_to_4.vhd:10' bound to instance 'Decoder_2_to_4_1' of component 'Decoder_2_to_4' [C:/Users/Kaveen/Documents/CSE/SEM 2/CS1050 - Computer Oranization and Digital Design/Microprocessor/repo/Nano-Processor/Register_Bank/Register_Bank.srcs/sources_1/new/Decoder_3_to_8.vhd:31]
INFO: [Synth 8-256] done synthesizing module 'Decoder_3_to_8' (11#1) [C:/Users/Kaveen/Documents/CSE/SEM 2/CS1050 - Computer Oranization and Digital Design/Microprocessor/repo/Nano-Processor/Register_Bank/Register_Bank.srcs/sources_1/new/Decoder_3_to_8.vhd:15]
INFO: [Synth 8-638] synthesizing module '\reg ' [C:/Users/Kaveen/Documents/CSE/SEM 2/CS1050 - Computer Oranization and Digital Design/Microprocessor/repo/Nano-Processor/Register_Bank/Register_Bank.srcs/sources_1/new/reg.vhd:17]
	Parameter N bound to: 4 - type: integer 
INFO: [Synth 8-256] done synthesizing module '\reg ' (12#1) [C:/Users/Kaveen/Documents/CSE/SEM 2/CS1050 - Computer Oranization and Digital Design/Microprocessor/repo/Nano-Processor/Register_Bank/Register_Bank.srcs/sources_1/new/reg.vhd:17]
INFO: [Synth 8-256] done synthesizing module 'Register_Bank' (13#1) [C:/Users/Kaveen/Documents/CSE/SEM 2/CS1050 - Computer Oranization and Digital Design/Microprocessor/repo/Nano-Processor/Register_Bank/Register_Bank.srcs/sources_1/new/Register_Bank.vhd:15]
INFO: [Synth 8-3491] module 'Mux_8_to_1_4bit' declared at 'C:/Users/Kaveen/Documents/CSE/SEM 2/CS1050 - Computer Oranization and Digital Design/Microprocessor/repo/Nano-Processor/Mux_8_to_1_4bit/Mux_8_to_1_4bit.srcs/sources_1/new/Mux_8_to_1_4bit.vhd:34' bound to instance 'U_MuxA' of component 'Mux_8_to_1_4bit' [C:/Users/Kaveen/Documents/CSE/SEM 2/CS1050 - Computer Oranization and Digital Design/Microprocessor/nanoprocessor/nanoprocessor.srcs/sources_1/new/nanoprocessor.vhd:303]
INFO: [Synth 8-638] synthesizing module 'Mux_8_to_1_4bit' [C:/Users/Kaveen/Documents/CSE/SEM 2/CS1050 - Computer Oranization and Digital Design/Microprocessor/repo/Nano-Processor/Mux_8_to_1_4bit/Mux_8_to_1_4bit.srcs/sources_1/new/Mux_8_to_1_4bit.vhd:47]
INFO: [Synth 8-226] default block is never used [C:/Users/Kaveen/Documents/CSE/SEM 2/CS1050 - Computer Oranization and Digital Design/Microprocessor/repo/Nano-Processor/Mux_8_to_1_4bit/Mux_8_to_1_4bit.srcs/sources_1/new/Mux_8_to_1_4bit.vhd:52]
INFO: [Synth 8-256] done synthesizing module 'Mux_8_to_1_4bit' (14#1) [C:/Users/Kaveen/Documents/CSE/SEM 2/CS1050 - Computer Oranization and Digital Design/Microprocessor/repo/Nano-Processor/Mux_8_to_1_4bit/Mux_8_to_1_4bit.srcs/sources_1/new/Mux_8_to_1_4bit.vhd:47]
INFO: [Synth 8-3491] module 'Mux_8_to_1_4bit' declared at 'C:/Users/Kaveen/Documents/CSE/SEM 2/CS1050 - Computer Oranization and Digital Design/Microprocessor/repo/Nano-Processor/Mux_8_to_1_4bit/Mux_8_to_1_4bit.srcs/sources_1/new/Mux_8_to_1_4bit.vhd:34' bound to instance 'U_MuxB' of component 'Mux_8_to_1_4bit' [C:/Users/Kaveen/Documents/CSE/SEM 2/CS1050 - Computer Oranization and Digital Design/Microprocessor/nanoprocessor/nanoprocessor.srcs/sources_1/new/nanoprocessor.vhd:320]
INFO: [Synth 8-3491] module 'Add_Sub_4' declared at 'C:/Users/Kaveen/Documents/CSE/SEM 2/CS1050 - Computer Oranization and Digital Design/Microprocessor/repo/Nano-Processor/nano_processor.srcs/sources_1/new/Add_Sub_4.vhd:34' bound to instance 'U_ALU' of component 'Add_Sub_4' [C:/Users/Kaveen/Documents/CSE/SEM 2/CS1050 - Computer Oranization and Digital Design/Microprocessor/nanoprocessor/nanoprocessor.srcs/sources_1/new/nanoprocessor.vhd:336]
INFO: [Synth 8-638] synthesizing module 'Add_Sub_4' [C:/Users/Kaveen/Documents/CSE/SEM 2/CS1050 - Computer Oranization and Digital Design/Microprocessor/repo/Nano-Processor/nano_processor.srcs/sources_1/new/Add_Sub_4.vhd:44]
INFO: [Synth 8-3491] module 'FA' declared at 'C:/Users/Kaveen/Documents/CSE/SEM 2/CS1050 - Computer Oranization and Digital Design/Microprocessor/repo/Nano-Processor/Monishka_components/Monishka_components.srcs/sources_1/new/FA.vhd:4' bound to instance 'FA0' of component 'FA' [C:/Users/Kaveen/Documents/CSE/SEM 2/CS1050 - Computer Oranization and Digital Design/Microprocessor/repo/Nano-Processor/nano_processor.srcs/sources_1/new/Add_Sub_4.vhd:60]
INFO: [Synth 8-3491] module 'FA' declared at 'C:/Users/Kaveen/Documents/CSE/SEM 2/CS1050 - Computer Oranization and Digital Design/Microprocessor/repo/Nano-Processor/Monishka_components/Monishka_components.srcs/sources_1/new/FA.vhd:4' bound to instance 'FA1' of component 'FA' [C:/Users/Kaveen/Documents/CSE/SEM 2/CS1050 - Computer Oranization and Digital Design/Microprocessor/repo/Nano-Processor/nano_processor.srcs/sources_1/new/Add_Sub_4.vhd:61]
INFO: [Synth 8-3491] module 'FA' declared at 'C:/Users/Kaveen/Documents/CSE/SEM 2/CS1050 - Computer Oranization and Digital Design/Microprocessor/repo/Nano-Processor/Monishka_components/Monishka_components.srcs/sources_1/new/FA.vhd:4' bound to instance 'FA2' of component 'FA' [C:/Users/Kaveen/Documents/CSE/SEM 2/CS1050 - Computer Oranization and Digital Design/Microprocessor/repo/Nano-Processor/nano_processor.srcs/sources_1/new/Add_Sub_4.vhd:62]
INFO: [Synth 8-3491] module 'FA' declared at 'C:/Users/Kaveen/Documents/CSE/SEM 2/CS1050 - Computer Oranization and Digital Design/Microprocessor/repo/Nano-Processor/Monishka_components/Monishka_components.srcs/sources_1/new/FA.vhd:4' bound to instance 'FA3' of component 'FA' [C:/Users/Kaveen/Documents/CSE/SEM 2/CS1050 - Computer Oranization and Digital Design/Microprocessor/repo/Nano-Processor/nano_processor.srcs/sources_1/new/Add_Sub_4.vhd:63]
INFO: [Synth 8-256] done synthesizing module 'Add_Sub_4' (15#1) [C:/Users/Kaveen/Documents/CSE/SEM 2/CS1050 - Computer Oranization and Digital Design/Microprocessor/repo/Nano-Processor/nano_processor.srcs/sources_1/new/Add_Sub_4.vhd:44]
INFO: [Synth 8-3491] module 'Seven_seg_LUT' declared at 'C:/Users/Kaveen/Documents/CSE/SEM 2/CS1050 - Computer Oranization and Digital Design/Microprocessor/repo/Nano-Processor/Seven_Segment_Display_LUT/7_seg_LUT.srcs/sources_1/new/Seven_seg_LUT.vhd:35' bound to instance 'U_SevSegLUT' of component 'Seven_seg_LUT' [C:/Users/Kaveen/Documents/CSE/SEM 2/CS1050 - Computer Oranization and Digital Design/Microprocessor/nanoprocessor/nanoprocessor.srcs/sources_1/new/nanoprocessor.vhd:349]
INFO: [Synth 8-638] synthesizing module 'Seven_seg_LUT' [C:/Users/Kaveen/Documents/CSE/SEM 2/CS1050 - Computer Oranization and Digital Design/Microprocessor/repo/Nano-Processor/Seven_Segment_Display_LUT/7_seg_LUT.srcs/sources_1/new/Seven_seg_LUT.vhd:40]
INFO: [Synth 8-256] done synthesizing module 'Seven_seg_LUT' (16#1) [C:/Users/Kaveen/Documents/CSE/SEM 2/CS1050 - Computer Oranization and Digital Design/Microprocessor/repo/Nano-Processor/Seven_Segment_Display_LUT/7_seg_LUT.srcs/sources_1/new/Seven_seg_LUT.vhd:40]
INFO: [Synth 8-256] done synthesizing module 'nanoprocessor' (17#1) [C:/Users/Kaveen/Documents/CSE/SEM 2/CS1050 - Computer Oranization and Digital Design/Microprocessor/nanoprocessor/nanoprocessor.srcs/sources_1/new/nanoprocessor.vhd:51]
WARNING: [Synth 8-3917] design nanoprocessor has port anode[3] driven by constant 1
WARNING: [Synth 8-3917] design nanoprocessor has port anode[2] driven by constant 1
WARNING: [Synth 8-3917] design nanoprocessor has port anode[1] driven by constant 1
WARNING: [Synth 8-3917] design nanoprocessor has port anode[0] driven by constant 0
---------------------------------------------------------------------------------
Finished RTL Elaboration : Time (s): cpu = 00:00:02 ; elapsed = 00:00:03 . Memory (MB): peak = 1044.520 ; gain = 147.582
---------------------------------------------------------------------------------

Report Check Netlist: 
+------+------------------+-------+---------+-------+------------------+
|      |Item              |Errors |Warnings |Status |Description       |
+------+------------------+-------+---------+-------+------------------+
|1     |multi_driven_nets |      0|        0|Passed |Multi driven nets |
+------+------------------+-------+---------+-------+------------------+
---------------------------------------------------------------------------------
Start Handling Custom Attributes
---------------------------------------------------------------------------------
---------------------------------------------------------------------------------
Finished Handling Custom Attributes : Time (s): cpu = 00:00:03 ; elapsed = 00:00:03 . Memory (MB): peak = 1044.520 ; gain = 147.582
---------------------------------------------------------------------------------
---------------------------------------------------------------------------------
Finished RTL Optimization Phase 1 : Time (s): cpu = 00:00:03 ; elapsed = 00:00:03 . Memory (MB): peak = 1044.520 ; gain = 147.582
---------------------------------------------------------------------------------
INFO: [Device 21-403] Loading part xc7a35tcpg236-1
INFO: [Project 1-570] Preparing netlist for logic optimization
INFO: [Opt 31-141] Inserted 4 OBUFs to IO ports without IO buffers.

Processing XDC Constraints
Initializing timing engine
Completed Processing XDC Constraints

INFO: [Opt 31-138] Pushed 0 inverter(s) to 0 load pin(s).
INFO: [Project 1-111] Unisim Transformation Summary:
No Unisim elements were transformed.

RTL Elaboration Complete:  : Time (s): cpu = 00:00:18 ; elapsed = 00:00:13 . Memory (MB): peak = 1389.664 ; gain = 492.727
66 Infos, 4 Warnings, 0 Critical Warnings and 0 Errors encountered.
synth_design completed successfully
synth_design: Time (s): cpu = 00:00:18 ; elapsed = 00:00:13 . Memory (MB): peak = 1389.664 ; gain = 492.727
launch_simulation
INFO: [Vivado 12-5682] Launching behavioral simulation in 'C:/Users/Kaveen/Documents/CSE/SEM 2/CS1050 - Computer Oranization and Digital Design/Microprocessor/nanoprocessor/nanoprocessor.sim/sim_1/behav/xsim'
INFO: [SIM-utils-51] Simulation object is 'sim_1'
INFO: [SIM-utils-54] Inspecting design source files for 'NanoProcessor_TB' in fileset 'sim_1'...
INFO: [USF-XSim-97] Finding global include files...
INFO: [USF-XSim-98] Fetching design files from 'sim_1'...
INFO: [USF-XSim-2] XSim::Compile design
INFO: [USF-XSim-61] Executing 'COMPILE and ANALYZE' step in 'C:/Users/Kaveen/Documents/CSE/SEM 2/CS1050 - Computer Oranization and Digital Design/Microprocessor/nanoprocessor/nanoprocessor.sim/sim_1/behav/xsim'
"xvhdl --incr --relax -prj NanoProcessor_TB_vhdl.prj"
INFO: [VRFC 10-163] Analyzing VHDL file "C:/Users/Kaveen/Documents/CSE/SEM 2/CS1050 - Computer Oranization and Digital Design/Microprocessor/repo/Nano-Processor/nano_processor.srcs/sources_1/new/Add_Sub_4.vhd" into library xil_defaultlib
INFO: [VRFC 10-307] analyzing entity Add_Sub_4
INFO: [VRFC 10-163] Analyzing VHDL file "C:/Users/Kaveen/Documents/CSE/SEM 2/CS1050 - Computer Oranization and Digital Design/Microprocessor/repo/Nano-Processor/Slow_Clock/Slow_Clk.vhd" into library xil_defaultlib
INFO: [VRFC 10-307] analyzing entity Slow_Clk
INFO: [VRFC 10-163] Analyzing VHDL file "C:/Users/Kaveen/Documents/CSE/SEM 2/CS1050 - Computer Oranization and Digital Design/Microprocessor/nanoprocessor/nanoprocessor.srcs/sources_1/new/nanoprocessor.vhd" into library xil_defaultlib
INFO: [VRFC 10-307] analyzing entity nanoprocessor
INFO: [USF-XSim-69] 'compile' step finished in '2' seconds
INFO: [USF-XSim-3] XSim::Elaborate design
INFO: [USF-XSim-61] Executing 'ELABORATE' step in 'C:/Users/Kaveen/Documents/CSE/SEM 2/CS1050 - Computer Oranization and Digital Design/Microprocessor/nanoprocessor/nanoprocessor.sim/sim_1/behav/xsim'
Vivado Simulator 2018.2
Copyright 1986-1999, 2001-2018 Xilinx, Inc. All Rights Reserved.
Running: C:/Xilinx/Vivado/2018.2/bin/unwrapped/win64.o/xelab.exe -wto 5717fb577eea48cb891c53659340b47b --incr --debug typical --relax --mt 2 -L xil_defaultlib -L secureip --snapshot NanoProcessor_TB_behav xil_defaultlib.NanoProcessor_TB -log elaborate.log 
Using 2 slave threads.
Starting static elaboration
Completed static elaboration
Starting simulation data flow analysis
Completed simulation data flow analysis
Time Resolution for simulation is 1ps
Compiling package std.standard
Compiling package std.textio
Compiling package ieee.std_logic_1164
Compiling package xil_defaultlib.buses
Compiling package ieee.numeric_std
Compiling architecture behavioral of entity xil_defaultlib.Slow_Clk [slow_clk_default]
Compiling architecture behavioral of entity xil_defaultlib.D_FF [d_ff_default]
Compiling architecture structural of entity xil_defaultlib.Program_Counter [program_counter_default]
Compiling architecture dataflow of entity xil_defaultlib.FA [fa_default]
Compiling architecture structural of entity xil_defaultlib.RCA_3 [rca_3_default]
Compiling architecture behavioral of entity xil_defaultlib.Mux_2_way_3_bit [mux_2_way_3_bit_default]
Compiling architecture behavioral of entity xil_defaultlib.Program_ROM [program_rom_default]
Compiling architecture behavioral of entity xil_defaultlib.Inst_Decoder [inst_decoder_default]
Compiling architecture behavioral of entity xil_defaultlib.Mux_2_way_4_bit [mux_2_way_4_bit_default]
Compiling architecture behavioral of entity xil_defaultlib.Decoder_2_to_4 [decoder_2_to_4_default]
Compiling architecture behavioral of entity xil_defaultlib.Decoder_3_to_8 [decoder_3_to_8_default]
Compiling architecture behavioral of entity xil_defaultlib.reg [reg_default]
Compiling architecture behavioral of entity xil_defaultlib.Register_Bank [register_bank_default]
Compiling architecture behavioral of entity xil_defaultlib.Mux_8_to_1_4bit [mux_8_to_1_4bit_default]
Compiling architecture behavioral of entity xil_defaultlib.Add_Sub_4 [add_sub_4_default]
Compiling architecture behavioral of entity xil_defaultlib.Seven_seg_LUT [seven_seg_lut_default]
Compiling architecture behavioral of entity xil_defaultlib.nanoprocessor [nanoprocessor_default]
Compiling architecture behavioral of entity xil_defaultlib.nanoprocessor_tb
Built simulation snapshot NanoProcessor_TB_behav
INFO: [USF-XSim-69] 'elaborate' step finished in '3' seconds
INFO: [USF-XSim-4] XSim::Simulate design
INFO: [USF-XSim-61] Executing 'SIMULATE' step in 'C:/Users/Kaveen/Documents/CSE/SEM 2/CS1050 - Computer Oranization and Digital Design/Microprocessor/nanoprocessor/nanoprocessor.sim/sim_1/behav/xsim'
INFO: [USF-XSim-98] *** Running xsim
   with args "NanoProcessor_TB_behav -key {Behavioral:sim_1:Functional:NanoProcessor_TB} -tclbatch {NanoProcessor_TB.tcl} -log {simulate.log}"
INFO: [USF-XSim-8] Loading simulator feature
Vivado Simulator 2018.2
Time resolution is 1 ps
source NanoProcessor_TB.tcl
# set curr_wave [current_wave_config]
# if { [string length $curr_wave] == 0 } {
#   if { [llength [get_objects]] > 0} {
#     add_wave /
#     set_property needs_save false [current_wave_config]
#   } else {
#      send_msg_id Add_Wave-1 WARNING "No top level signals found. Simulator will start without a wave window. If you want to open a wave window go to 'File->New Waveform Configuration' or type 'create_wave_config' in the TCL console."
#   }
# }
# run 1000ns
INFO: [USF-XSim-96] XSim completed. Design snapshot 'NanoProcessor_TB_behav' loaded.
INFO: [USF-XSim-97] XSim simulation ran for 1000ns
launch_simulation: Time (s): cpu = 00:00:06 ; elapsed = 00:00:08 . Memory (MB): peak = 1390.867 ; gain = 0.000
close_sim
INFO: [Simtcl 6-16] Simulation closed
launch_simulation
INFO: [Vivado 12-5682] Launching behavioral simulation in 'C:/Users/Kaveen/Documents/CSE/SEM 2/CS1050 - Computer Oranization and Digital Design/Microprocessor/nanoprocessor/nanoprocessor.sim/sim_1/behav/xsim'
INFO: [SIM-utils-51] Simulation object is 'sim_1'
INFO: [SIM-utils-54] Inspecting design source files for 'NanoProcessor_TB' in fileset 'sim_1'...
INFO: [USF-XSim-97] Finding global include files...
INFO: [USF-XSim-98] Fetching design files from 'sim_1'...
INFO: [USF-XSim-2] XSim::Compile design
INFO: [USF-XSim-61] Executing 'COMPILE and ANALYZE' step in 'C:/Users/Kaveen/Documents/CSE/SEM 2/CS1050 - Computer Oranization and Digital Design/Microprocessor/nanoprocessor/nanoprocessor.sim/sim_1/behav/xsim'
"xvhdl --incr --relax -prj NanoProcessor_TB_vhdl.prj"
INFO: [USF-XSim-69] 'compile' step finished in '1' seconds
INFO: [USF-XSim-3] XSim::Elaborate design
INFO: [USF-XSim-61] Executing 'ELABORATE' step in 'C:/Users/Kaveen/Documents/CSE/SEM 2/CS1050 - Computer Oranization and Digital Design/Microprocessor/nanoprocessor/nanoprocessor.sim/sim_1/behav/xsim'
Vivado Simulator 2018.2
Copyright 1986-1999, 2001-2018 Xilinx, Inc. All Rights Reserved.
Running: C:/Xilinx/Vivado/2018.2/bin/unwrapped/win64.o/xelab.exe -wto 5717fb577eea48cb891c53659340b47b --incr --debug typical --relax --mt 2 -L xil_defaultlib -L secureip --snapshot NanoProcessor_TB_behav xil_defaultlib.NanoProcessor_TB -log elaborate.log 
Using 2 slave threads.
Starting static elaboration
Completed static elaboration
INFO: [XSIM 43-4323] No Change in HDL. Linking previously generated obj files to create kernel
INFO: [USF-XSim-69] 'elaborate' step finished in '1' seconds
INFO: [USF-XSim-4] XSim::Simulate design
INFO: [USF-XSim-61] Executing 'SIMULATE' step in 'C:/Users/Kaveen/Documents/CSE/SEM 2/CS1050 - Computer Oranization and Digital Design/Microprocessor/nanoprocessor/nanoprocessor.sim/sim_1/behav/xsim'
INFO: [USF-XSim-98] *** Running xsim
   with args "NanoProcessor_TB_behav -key {Behavioral:sim_1:Functional:NanoProcessor_TB} -tclbatch {NanoProcessor_TB.tcl} -log {simulate.log}"
INFO: [USF-XSim-8] Loading simulator feature
Vivado Simulator 2018.2
Time resolution is 1 ps
source NanoProcessor_TB.tcl
# set curr_wave [current_wave_config]
# if { [string length $curr_wave] == 0 } {
#   if { [llength [get_objects]] > 0} {
#     add_wave /
#     set_property needs_save false [current_wave_config]
#   } else {
#      send_msg_id Add_Wave-1 WARNING "No top level signals found. Simulator will start without a wave window. If you want to open a wave window go to 'File->New Waveform Configuration' or type 'create_wave_config' in the TCL console."
#   }
# }
# run 1000ns
INFO: [USF-XSim-96] XSim completed. Design snapshot 'NanoProcessor_TB_behav' loaded.
INFO: [USF-XSim-97] XSim simulation ran for 1000ns
reset_run synth_1
WARNING: [Vivado 12-1017] Problems encountered:
1. Failed to delete one or more files in run directory C:/Users/Kaveen/Documents/CSE/SEM 2/CS1050 - Computer Oranization and Digital Design/Microprocessor/nanoprocessor/nanoprocessor.runs/synth_1

launch_runs synth_1 -jobs 8
[Tue May  5 12:06:37 2026] Launched synth_1...
Run output will be captured here: C:/Users/Kaveen/Documents/CSE/SEM 2/CS1050 - Computer Oranization and Digital Design/Microprocessor/nanoprocessor/nanoprocessor.runs/synth_1/runme.log
close_sim
INFO: [Simtcl 6-16] Simulation closed
launch_simulation
INFO: [Vivado 12-5682] Launching behavioral simulation in 'C:/Users/Kaveen/Documents/CSE/SEM 2/CS1050 - Computer Oranization and Digital Design/Microprocessor/nanoprocessor/nanoprocessor.sim/sim_1/behav/xsim'
INFO: [SIM-utils-51] Simulation object is 'sim_1'
INFO: [SIM-utils-54] Inspecting design source files for 'NanoProcessor_TB' in fileset 'sim_1'...
INFO: [USF-XSim-97] Finding global include files...
INFO: [USF-XSim-98] Fetching design files from 'sim_1'...
INFO: [USF-XSim-2] XSim::Compile design
INFO: [USF-XSim-61] Executing 'COMPILE and ANALYZE' step in 'C:/Users/Kaveen/Documents/CSE/SEM 2/CS1050 - Computer Oranization and Digital Design/Microprocessor/nanoprocessor/nanoprocessor.sim/sim_1/behav/xsim'
"xvhdl --incr --relax -prj NanoProcessor_TB_vhdl.prj"
INFO: [VRFC 10-163] Analyzing VHDL file "C:/Users/Kaveen/Documents/CSE/SEM 2/CS1050 - Computer Oranization and Digital Design/Microprocessor/repo/Nano-Processor/Monishka_components/Monishka_components.srcs/sources_1/new/D_FF.vhd" into library xil_defaultlib
INFO: [VRFC 10-307] analyzing entity D_FF
INFO: [VRFC 10-163] Analyzing VHDL file "C:/Users/Kaveen/Documents/CSE/SEM 2/CS1050 - Computer Oranization and Digital Design/Microprocessor/repo/Nano-Processor/Register_Bank/Register_Bank.srcs/sources_1/new/Decoder_3_to_8.vhd" into library xil_defaultlib
INFO: [VRFC 10-307] analyzing entity Decoder_3_to_8
INFO: [VRFC 10-163] Analyzing VHDL file "C:/Users/Kaveen/Documents/CSE/SEM 2/CS1050 - Computer Oranization and Digital Design/Microprocessor/repo/Nano-Processor/Instruction_Decoder/Instruction_Decoder.srcs/sources_1/new/Inst_Decoder.vhd" into library xil_defaultlib
INFO: [VRFC 10-307] analyzing entity Inst_Decoder
INFO: [VRFC 10-163] Analyzing VHDL file "C:/Users/Kaveen/Documents/CSE/SEM 2/CS1050 - Computer Oranization and Digital Design/Microprocessor/repo/Nano-Processor/Register_Bank/Register_Bank.srcs/sources_1/new/reg.vhd" into library xil_defaultlib
INFO: [VRFC 10-307] analyzing entity reg
INFO: [VRFC 10-163] Analyzing VHDL file "C:/Users/Kaveen/Documents/CSE/SEM 2/CS1050 - Computer Oranization and Digital Design/Microprocessor/repo/Nano-Processor/Register_Bank/Register_Bank.srcs/sources_1/new/Register_Bank.vhd" into library xil_defaultlib
INFO: [VRFC 10-307] analyzing entity Register_Bank
INFO: [VRFC 10-163] Analyzing VHDL file "C:/Users/Kaveen/Documents/CSE/SEM 2/CS1050 - Computer Oranization and Digital Design/Microprocessor/repo/Nano-Processor/Slow_Clock/Slow_Clk.vhd" into library xil_defaultlib
INFO: [VRFC 10-307] analyzing entity Slow_Clk
INFO: [USF-XSim-69] 'compile' step finished in '2' seconds
INFO: [USF-XSim-3] XSim::Elaborate design
INFO: [USF-XSim-61] Executing 'ELABORATE' step in 'C:/Users/Kaveen/Documents/CSE/SEM 2/CS1050 - Computer Oranization and Digital Design/Microprocessor/nanoprocessor/nanoprocessor.sim/sim_1/behav/xsim'
Vivado Simulator 2018.2
Copyright 1986-1999, 2001-2018 Xilinx, Inc. All Rights Reserved.
Running: C:/Xilinx/Vivado/2018.2/bin/unwrapped/win64.o/xelab.exe -wto 5717fb577eea48cb891c53659340b47b --incr --debug typical --relax --mt 2 -L xil_defaultlib -L secureip --snapshot NanoProcessor_TB_behav xil_defaultlib.NanoProcessor_TB -log elaborate.log 
Using 2 slave threads.
Starting static elaboration
Completed static elaboration
Starting simulation data flow analysis
Completed simulation data flow analysis
Time Resolution for simulation is 1ps
Compiling package std.standard
Compiling package std.textio
Compiling package ieee.std_logic_1164
Compiling package xil_defaultlib.buses
Compiling package ieee.numeric_std
Compiling architecture behavioral of entity xil_defaultlib.Slow_Clk [slow_clk_default]
Compiling architecture behavioral of entity xil_defaultlib.D_FF [d_ff_default]
Compiling architecture structural of entity xil_defaultlib.Program_Counter [program_counter_default]
Compiling architecture dataflow of entity xil_defaultlib.FA [fa_default]
Compiling architecture structural of entity xil_defaultlib.RCA_3 [rca_3_default]
Compiling architecture behavioral of entity xil_defaultlib.Mux_2_way_3_bit [mux_2_way_3_bit_default]
Compiling architecture behavioral of entity xil_defaultlib.Program_ROM [program_rom_default]
Compiling architecture behavioral of entity xil_defaultlib.Inst_Decoder [inst_decoder_default]
Compiling architecture behavioral of entity xil_defaultlib.Mux_2_way_4_bit [mux_2_way_4_bit_default]
Compiling architecture behavioral of entity xil_defaultlib.Decoder_2_to_4 [decoder_2_to_4_default]
Compiling architecture behavioral of entity xil_defaultlib.Decoder_3_to_8 [decoder_3_to_8_default]
Compiling architecture behavioral of entity xil_defaultlib.reg [reg_default]
Compiling architecture behavioral of entity xil_defaultlib.Register_Bank [register_bank_default]
Compiling architecture behavioral of entity xil_defaultlib.Mux_8_to_1_4bit [mux_8_to_1_4bit_default]
Compiling architecture behavioral of entity xil_defaultlib.Add_Sub_4 [add_sub_4_default]
Compiling architecture behavioral of entity xil_defaultlib.Seven_seg_LUT [seven_seg_lut_default]
Compiling architecture behavioral of entity xil_defaultlib.nanoprocessor [nanoprocessor_default]
Compiling architecture behavioral of entity xil_defaultlib.nanoprocessor_tb
Built simulation snapshot NanoProcessor_TB_behav
INFO: [USF-XSim-69] 'elaborate' step finished in '3' seconds
INFO: [USF-XSim-4] XSim::Simulate design
INFO: [USF-XSim-61] Executing 'SIMULATE' step in 'C:/Users/Kaveen/Documents/CSE/SEM 2/CS1050 - Computer Oranization and Digital Design/Microprocessor/nanoprocessor/nanoprocessor.sim/sim_1/behav/xsim'
INFO: [USF-XSim-98] *** Running xsim
   with args "NanoProcessor_TB_behav -key {Behavioral:sim_1:Functional:NanoProcessor_TB} -tclbatch {NanoProcessor_TB.tcl} -log {simulate.log}"
INFO: [USF-XSim-8] Loading simulator feature
Vivado Simulator 2018.2
Time resolution is 1 ps
source NanoProcessor_TB.tcl
# set curr_wave [current_wave_config]
# if { [string length $curr_wave] == 0 } {
#   if { [llength [get_objects]] > 0} {
#     add_wave /
#     set_property needs_save false [current_wave_config]
#   } else {
#      send_msg_id Add_Wave-1 WARNING "No top level signals found. Simulator will start without a wave window. If you want to open a wave window go to 'File->New Waveform Configuration' or type 'create_wave_config' in the TCL console."
#   }
# }
# run 1000ns
INFO: [USF-XSim-96] XSim completed. Design snapshot 'NanoProcessor_TB_behav' loaded.
INFO: [USF-XSim-97] XSim simulation ran for 1000ns
launch_simulation: Time (s): cpu = 00:00:07 ; elapsed = 00:00:09 . Memory (MB): peak = 1412.434 ; gain = 0.000
reset_run synth_1
WARNING: [Vivado 12-1017] Problems encountered:
1. Failed to delete one or more files in run directory C:/Users/Kaveen/Documents/CSE/SEM 2/CS1050 - Computer Oranization and Digital Design/Microprocessor/nanoprocessor/nanoprocessor.runs/synth_1

launch_runs synth_1 -jobs 8
[Tue May  5 12:15:58 2026] Launched synth_1...
Run output will be captured here: C:/Users/Kaveen/Documents/CSE/SEM 2/CS1050 - Computer Oranization and Digital Design/Microprocessor/nanoprocessor/nanoprocessor.runs/synth_1/runme.log
close_sim
INFO: [Simtcl 6-16] Simulation closed
launch_simulation
INFO: [Vivado 12-5682] Launching behavioral simulation in 'C:/Users/Kaveen/Documents/CSE/SEM 2/CS1050 - Computer Oranization and Digital Design/Microprocessor/nanoprocessor/nanoprocessor.sim/sim_1/behav/xsim'
INFO: [SIM-utils-51] Simulation object is 'sim_1'
INFO: [SIM-utils-54] Inspecting design source files for 'NanoProcessor_TB' in fileset 'sim_1'...
INFO: [USF-XSim-97] Finding global include files...
INFO: [USF-XSim-98] Fetching design files from 'sim_1'...
INFO: [USF-XSim-2] XSim::Compile design
INFO: [USF-XSim-61] Executing 'COMPILE and ANALYZE' step in 'C:/Users/Kaveen/Documents/CSE/SEM 2/CS1050 - Computer Oranization and Digital Design/Microprocessor/nanoprocessor/nanoprocessor.sim/sim_1/behav/xsim'
"xvhdl --incr --relax -prj NanoProcessor_TB_vhdl.prj"
INFO: [VRFC 10-163] Analyzing VHDL file "C:/Users/Kaveen/Documents/CSE/SEM 2/CS1050 - Computer Oranization and Digital Design/Microprocessor/repo/Nano-Processor/Slow_Clock/Slow_Clk.vhd" into library xil_defaultlib
INFO: [VRFC 10-307] analyzing entity Slow_Clk
INFO: [USF-XSim-69] 'compile' step finished in '2' seconds
INFO: [USF-XSim-3] XSim::Elaborate design
INFO: [USF-XSim-61] Executing 'ELABORATE' step in 'C:/Users/Kaveen/Documents/CSE/SEM 2/CS1050 - Computer Oranization and Digital Design/Microprocessor/nanoprocessor/nanoprocessor.sim/sim_1/behav/xsim'
Vivado Simulator 2018.2
Copyright 1986-1999, 2001-2018 Xilinx, Inc. All Rights Reserved.
Running: C:/Xilinx/Vivado/2018.2/bin/unwrapped/win64.o/xelab.exe -wto 5717fb577eea48cb891c53659340b47b --incr --debug typical --relax --mt 2 -L xil_defaultlib -L secureip --snapshot NanoProcessor_TB_behav xil_defaultlib.NanoProcessor_TB -log elaborate.log 
Using 2 slave threads.
Starting static elaboration
Completed static elaboration
Starting simulation data flow analysis
Completed simulation data flow analysis
Time Resolution for simulation is 1ps
Compiling package std.standard
Compiling package std.textio
Compiling package ieee.std_logic_1164
Compiling package xil_defaultlib.buses
Compiling package ieee.numeric_std
Compiling architecture behavioral of entity xil_defaultlib.Slow_Clk [slow_clk_default]
Compiling architecture behavioral of entity xil_defaultlib.D_FF [d_ff_default]
Compiling architecture structural of entity xil_defaultlib.Program_Counter [program_counter_default]
Compiling architecture dataflow of entity xil_defaultlib.FA [fa_default]
Compiling architecture structural of entity xil_defaultlib.RCA_3 [rca_3_default]
Compiling architecture behavioral of entity xil_defaultlib.Mux_2_way_3_bit [mux_2_way_3_bit_default]
Compiling architecture behavioral of entity xil_defaultlib.Program_ROM [program_rom_default]
Compiling architecture behavioral of entity xil_defaultlib.Inst_Decoder [inst_decoder_default]
Compiling architecture behavioral of entity xil_defaultlib.Mux_2_way_4_bit [mux_2_way_4_bit_default]
Compiling architecture behavioral of entity xil_defaultlib.Decoder_2_to_4 [decoder_2_to_4_default]
Compiling architecture behavioral of entity xil_defaultlib.Decoder_3_to_8 [decoder_3_to_8_default]
Compiling architecture behavioral of entity xil_defaultlib.reg [reg_default]
Compiling architecture behavioral of entity xil_defaultlib.Register_Bank [register_bank_default]
Compiling architecture behavioral of entity xil_defaultlib.Mux_8_to_1_4bit [mux_8_to_1_4bit_default]
Compiling architecture behavioral of entity xil_defaultlib.Add_Sub_4 [add_sub_4_default]
Compiling architecture behavioral of entity xil_defaultlib.Seven_seg_LUT [seven_seg_lut_default]
Compiling architecture behavioral of entity xil_defaultlib.nanoprocessor [nanoprocessor_default]
Compiling architecture behavioral of entity xil_defaultlib.nanoprocessor_tb
Built simulation snapshot NanoProcessor_TB_behav
INFO: [USF-XSim-69] 'elaborate' step finished in '3' seconds
INFO: [USF-XSim-4] XSim::Simulate design
INFO: [USF-XSim-61] Executing 'SIMULATE' step in 'C:/Users/Kaveen/Documents/CSE/SEM 2/CS1050 - Computer Oranization and Digital Design/Microprocessor/nanoprocessor/nanoprocessor.sim/sim_1/behav/xsim'
INFO: [USF-XSim-98] *** Running xsim
   with args "NanoProcessor_TB_behav -key {Behavioral:sim_1:Functional:NanoProcessor_TB} -tclbatch {NanoProcessor_TB.tcl} -log {simulate.log}"
INFO: [USF-XSim-8] Loading simulator feature
Vivado Simulator 2018.2
Time resolution is 1 ps
source NanoProcessor_TB.tcl
# set curr_wave [current_wave_config]
# if { [string length $curr_wave] == 0 } {
#   if { [llength [get_objects]] > 0} {
#     add_wave /
#     set_property needs_save false [current_wave_config]
#   } else {
#      send_msg_id Add_Wave-1 WARNING "No top level signals found. Simulator will start without a wave window. If you want to open a wave window go to 'File->New Waveform Configuration' or type 'create_wave_config' in the TCL console."
#   }
# }
# run 1000ns
INFO: [USF-XSim-96] XSim completed. Design snapshot 'NanoProcessor_TB_behav' loaded.
INFO: [USF-XSim-97] XSim simulation ran for 1000ns
launch_simulation: Time (s): cpu = 00:00:07 ; elapsed = 00:00:08 . Memory (MB): peak = 1414.527 ; gain = 0.000
close_sim
INFO: [Simtcl 6-16] Simulation closed
launch_simulation
INFO: [Vivado 12-5682] Launching behavioral simulation in 'C:/Users/Kaveen/Documents/CSE/SEM 2/CS1050 - Computer Oranization and Digital Design/Microprocessor/nanoprocessor/nanoprocessor.sim/sim_1/behav/xsim'
INFO: [SIM-utils-51] Simulation object is 'sim_1'
INFO: [SIM-utils-54] Inspecting design source files for 'NanoProcessor_TB' in fileset 'sim_1'...
INFO: [USF-XSim-97] Finding global include files...
INFO: [USF-XSim-98] Fetching design files from 'sim_1'...
INFO: [USF-XSim-2] XSim::Compile design
INFO: [USF-XSim-61] Executing 'COMPILE and ANALYZE' step in 'C:/Users/Kaveen/Documents/CSE/SEM 2/CS1050 - Computer Oranization and Digital Design/Microprocessor/nanoprocessor/nanoprocessor.sim/sim_1/behav/xsim'
"xvhdl --incr --relax -prj NanoProcessor_TB_vhdl.prj"
INFO: [USF-XSim-69] 'compile' step finished in '2' seconds
INFO: [USF-XSim-3] XSim::Elaborate design
INFO: [USF-XSim-61] Executing 'ELABORATE' step in 'C:/Users/Kaveen/Documents/CSE/SEM 2/CS1050 - Computer Oranization and Digital Design/Microprocessor/nanoprocessor/nanoprocessor.sim/sim_1/behav/xsim'
Vivado Simulator 2018.2
Copyright 1986-1999, 2001-2018 Xilinx, Inc. All Rights Reserved.
Running: C:/Xilinx/Vivado/2018.2/bin/unwrapped/win64.o/xelab.exe -wto 5717fb577eea48cb891c53659340b47b --incr --debug typical --relax --mt 2 -L xil_defaultlib -L secureip --snapshot NanoProcessor_TB_behav xil_defaultlib.NanoProcessor_TB -log elaborate.log 
Using 2 slave threads.
Starting static elaboration
Completed static elaboration
INFO: [XSIM 43-4323] No Change in HDL. Linking previously generated obj files to create kernel
INFO: [USF-XSim-69] 'elaborate' step finished in '2' seconds
INFO: [USF-XSim-4] XSim::Simulate design
INFO: [USF-XSim-61] Executing 'SIMULATE' step in 'C:/Users/Kaveen/Documents/CSE/SEM 2/CS1050 - Computer Oranization and Digital Design/Microprocessor/nanoprocessor/nanoprocessor.sim/sim_1/behav/xsim'
INFO: [USF-XSim-98] *** Running xsim
   with args "NanoProcessor_TB_behav -key {Behavioral:sim_1:Functional:NanoProcessor_TB} -tclbatch {NanoProcessor_TB.tcl} -log {simulate.log}"
INFO: [USF-XSim-8] Loading simulator feature
Vivado Simulator 2018.2
Time resolution is 1 ps
source NanoProcessor_TB.tcl
# set curr_wave [current_wave_config]
# if { [string length $curr_wave] == 0 } {
#   if { [llength [get_objects]] > 0} {
#     add_wave /
#     set_property needs_save false [current_wave_config]
#   } else {
#      send_msg_id Add_Wave-1 WARNING "No top level signals found. Simulator will start without a wave window. If you want to open a wave window go to 'File->New Waveform Configuration' or type 'create_wave_config' in the TCL console."
#   }
# }
# run 1000ns
INFO: [USF-XSim-96] XSim completed. Design snapshot 'NanoProcessor_TB_behav' loaded.
INFO: [USF-XSim-97] XSim simulation ran for 1000ns
launch_simulation: Time (s): cpu = 00:00:05 ; elapsed = 00:00:07 . Memory (MB): peak = 1414.527 ; gain = 0.000
run all
run: Time (s): cpu = 00:00:14 ; elapsed = 00:00:09 . Memory (MB): peak = 1414.527 ; gain = 0.000
run 2000 ns
close_sim
INFO: [Simtcl 6-16] Simulation closed
close_sim: Time (s): cpu = 00:00:05 ; elapsed = 00:00:07 . Memory (MB): peak = 1414.727 ; gain = 0.000
launch_simulation
INFO: [Vivado 12-5682] Launching behavioral simulation in 'C:/Users/Kaveen/Documents/CSE/SEM 2/CS1050 - Computer Oranization and Digital Design/Microprocessor/nanoprocessor/nanoprocessor.sim/sim_1/behav/xsim'
INFO: [SIM-utils-51] Simulation object is 'sim_1'
INFO: [SIM-utils-54] Inspecting design source files for 'NanoProcessor_TB' in fileset 'sim_1'...
INFO: [USF-XSim-97] Finding global include files...
INFO: [USF-XSim-98] Fetching design files from 'sim_1'...
INFO: [USF-XSim-2] XSim::Compile design
INFO: [USF-XSim-61] Executing 'COMPILE and ANALYZE' step in 'C:/Users/Kaveen/Documents/CSE/SEM 2/CS1050 - Computer Oranization and Digital Design/Microprocessor/nanoprocessor/nanoprocessor.sim/sim_1/behav/xsim'
"xvhdl --incr --relax -prj NanoProcessor_TB_vhdl.prj"
INFO: [USF-XSim-69] 'compile' step finished in '2' seconds
INFO: [USF-XSim-3] XSim::Elaborate design
INFO: [USF-XSim-61] Executing 'ELABORATE' step in 'C:/Users/Kaveen/Documents/CSE/SEM 2/CS1050 - Computer Oranization and Digital Design/Microprocessor/nanoprocessor/nanoprocessor.sim/sim_1/behav/xsim'
Vivado Simulator 2018.2
Copyright 1986-1999, 2001-2018 Xilinx, Inc. All Rights Reserved.
Running: C:/Xilinx/Vivado/2018.2/bin/unwrapped/win64.o/xelab.exe -wto 5717fb577eea48cb891c53659340b47b --incr --debug typical --relax --mt 2 -L xil_defaultlib -L secureip --snapshot NanoProcessor_TB_behav xil_defaultlib.NanoProcessor_TB -log elaborate.log 
Using 2 slave threads.
Starting static elaboration
Completed static elaboration
INFO: [XSIM 43-4323] No Change in HDL. Linking previously generated obj files to create kernel
INFO: [USF-XSim-69] 'elaborate' step finished in '2' seconds
INFO: [USF-XSim-4] XSim::Simulate design
INFO: [USF-XSim-61] Executing 'SIMULATE' step in 'C:/Users/Kaveen/Documents/CSE/SEM 2/CS1050 - Computer Oranization and Digital Design/Microprocessor/nanoprocessor/nanoprocessor.sim/sim_1/behav/xsim'
INFO: [USF-XSim-98] *** Running xsim
   with args "NanoProcessor_TB_behav -key {Behavioral:sim_1:Functional:NanoProcessor_TB} -tclbatch {NanoProcessor_TB.tcl} -log {simulate.log}"
INFO: [USF-XSim-8] Loading simulator feature
Vivado Simulator 2018.2
Time resolution is 1 ps
source NanoProcessor_TB.tcl
# set curr_wave [current_wave_config]
# if { [string length $curr_wave] == 0 } {
#   if { [llength [get_objects]] > 0} {
#     add_wave /
#     set_property needs_save false [current_wave_config]
#   } else {
#      send_msg_id Add_Wave-1 WARNING "No top level signals found. Simulator will start without a wave window. If you want to open a wave window go to 'File->New Waveform Configuration' or type 'create_wave_config' in the TCL console."
#   }
# }
# run 1000ns
INFO: [USF-XSim-96] XSim completed. Design snapshot 'NanoProcessor_TB_behav' loaded.
INFO: [USF-XSim-97] XSim simulation ran for 1000ns
launch_simulation: Time (s): cpu = 00:00:05 ; elapsed = 00:00:07 . Memory (MB): peak = 1414.852 ; gain = 0.125
run 2000 ns
restart
INFO: [Simtcl 6-17] Simulation restarted
run all
refresh_design
---------------------------------------------------------------------------------
Starting RTL Elaboration : Time (s): cpu = 00:00:03 ; elapsed = 00:00:04 . Memory (MB): peak = 1425.660 ; gain = 8.691
---------------------------------------------------------------------------------
INFO: [Synth 8-638] synthesizing module 'nanoprocessor' [C:/Users/Kaveen/Documents/CSE/SEM 2/CS1050 - Computer Oranization and Digital Design/Microprocessor/nanoprocessor/nanoprocessor.srcs/sources_1/new/nanoprocessor.vhd:51]
INFO: [Synth 8-3491] module 'Slow_Clk' declared at 'C:/Users/Kaveen/Documents/CSE/SEM 2/CS1050 - Computer Oranization and Digital Design/Microprocessor/repo/Nano-Processor/Slow_Clock/Slow_Clk.vhd:10' bound to instance 'U_SlwClk' of component 'Slow_Clk' [C:/Users/Kaveen/Documents/CSE/SEM 2/CS1050 - Computer Oranization and Digital Design/Microprocessor/nanoprocessor/nanoprocessor.srcs/sources_1/new/nanoprocessor.vhd:217]
INFO: [Synth 8-638] synthesizing module 'Slow_Clk' [C:/Users/Kaveen/Documents/CSE/SEM 2/CS1050 - Computer Oranization and Digital Design/Microprocessor/repo/Nano-Processor/Slow_Clock/Slow_Clk.vhd:14]
INFO: [Synth 8-256] done synthesizing module 'Slow_Clk' (1#1) [C:/Users/Kaveen/Documents/CSE/SEM 2/CS1050 - Computer Oranization and Digital Design/Microprocessor/repo/Nano-Processor/Slow_Clock/Slow_Clk.vhd:14]
INFO: [Synth 8-3491] module 'Program_Counter' declared at 'C:/Users/Kaveen/Documents/CSE/SEM 2/CS1050 - Computer Oranization and Digital Design/Microprocessor/repo/Nano-Processor/Monishka_components/Monishka_components.srcs/sources_1/new/Program_Counter.vhd:4' bound to instance 'U_PC' of component 'Program_Counter' [C:/Users/Kaveen/Documents/CSE/SEM 2/CS1050 - Computer Oranization and Digital Design/Microprocessor/nanoprocessor/nanoprocessor.srcs/sources_1/new/nanoprocessor.vhd:225]
INFO: [Synth 8-638] synthesizing module 'Program_Counter' [C:/Users/Kaveen/Documents/CSE/SEM 2/CS1050 - Computer Oranization and Digital Design/Microprocessor/repo/Nano-Processor/Monishka_components/Monishka_components.srcs/sources_1/new/Program_Counter.vhd:11]
INFO: [Synth 8-3491] module 'D_FF' declared at 'C:/Users/Kaveen/Documents/CSE/SEM 2/CS1050 - Computer Oranization and Digital Design/Microprocessor/repo/Nano-Processor/Monishka_components/Monishka_components.srcs/sources_1/new/D_FF.vhd:4' bound to instance 'D_FF_0' of component 'D_FF' [C:/Users/Kaveen/Documents/CSE/SEM 2/CS1050 - Computer Oranization and Digital Design/Microprocessor/repo/Nano-Processor/Monishka_components/Monishka_components.srcs/sources_1/new/Program_Counter.vhd:21]
INFO: [Synth 8-638] synthesizing module 'D_FF' [C:/Users/Kaveen/Documents/CSE/SEM 2/CS1050 - Computer Oranization and Digital Design/Microprocessor/repo/Nano-Processor/Monishka_components/Monishka_components.srcs/sources_1/new/D_FF.vhd:12]
INFO: [Synth 8-256] done synthesizing module 'D_FF' (2#1) [C:/Users/Kaveen/Documents/CSE/SEM 2/CS1050 - Computer Oranization and Digital Design/Microprocessor/repo/Nano-Processor/Monishka_components/Monishka_components.srcs/sources_1/new/D_FF.vhd:12]
INFO: [Synth 8-3491] module 'D_FF' declared at 'C:/Users/Kaveen/Documents/CSE/SEM 2/CS1050 - Computer Oranization and Digital Design/Microprocessor/repo/Nano-Processor/Monishka_components/Monishka_components.srcs/sources_1/new/D_FF.vhd:4' bound to instance 'D_FF_1' of component 'D_FF' [C:/Users/Kaveen/Documents/CSE/SEM 2/CS1050 - Computer Oranization and Digital Design/Microprocessor/repo/Nano-Processor/Monishka_components/Monishka_components.srcs/sources_1/new/Program_Counter.vhd:22]
INFO: [Synth 8-3491] module 'D_FF' declared at 'C:/Users/Kaveen/Documents/CSE/SEM 2/CS1050 - Computer Oranization and Digital Design/Microprocessor/repo/Nano-Processor/Monishka_components/Monishka_components.srcs/sources_1/new/D_FF.vhd:4' bound to instance 'D_FF_2' of component 'D_FF' [C:/Users/Kaveen/Documents/CSE/SEM 2/CS1050 - Computer Oranization and Digital Design/Microprocessor/repo/Nano-Processor/Monishka_components/Monishka_components.srcs/sources_1/new/Program_Counter.vhd:23]
INFO: [Synth 8-256] done synthesizing module 'Program_Counter' (3#1) [C:/Users/Kaveen/Documents/CSE/SEM 2/CS1050 - Computer Oranization and Digital Design/Microprocessor/repo/Nano-Processor/Monishka_components/Monishka_components.srcs/sources_1/new/Program_Counter.vhd:11]
INFO: [Synth 8-3491] module 'RCA_3' declared at 'C:/Users/Kaveen/Documents/CSE/SEM 2/CS1050 - Computer Oranization and Digital Design/Microprocessor/repo/Nano-Processor/Monishka_components/Monishka_components.srcs/sources_1/new/RCA_3.vhd:4' bound to instance 'U_PC_Adder' of component 'RCA_3' [C:/Users/Kaveen/Documents/CSE/SEM 2/CS1050 - Computer Oranization and Digital Design/Microprocessor/nanoprocessor/nanoprocessor.srcs/sources_1/new/nanoprocessor.vhd:235]
INFO: [Synth 8-638] synthesizing module 'RCA_3' [C:/Users/Kaveen/Documents/CSE/SEM 2/CS1050 - Computer Oranization and Digital Design/Microprocessor/repo/Nano-Processor/Monishka_components/Monishka_components.srcs/sources_1/new/RCA_3.vhd:12]
INFO: [Synth 8-3491] module 'FA' declared at 'C:/Users/Kaveen/Documents/CSE/SEM 2/CS1050 - Computer Oranization and Digital Design/Microprocessor/repo/Nano-Processor/Monishka_components/Monishka_components.srcs/sources_1/new/FA.vhd:4' bound to instance 'FA_0' of component 'FA' [C:/Users/Kaveen/Documents/CSE/SEM 2/CS1050 - Computer Oranization and Digital Design/Microprocessor/repo/Nano-Processor/Monishka_components/Monishka_components.srcs/sources_1/new/RCA_3.vhd:22]
INFO: [Synth 8-638] synthesizing module 'FA' [C:/Users/Kaveen/Documents/CSE/SEM 2/CS1050 - Computer Oranization and Digital Design/Microprocessor/repo/Nano-Processor/Monishka_components/Monishka_components.srcs/sources_1/new/FA.vhd:12]
INFO: [Synth 8-256] done synthesizing module 'FA' (4#1) [C:/Users/Kaveen/Documents/CSE/SEM 2/CS1050 - Computer Oranization and Digital Design/Microprocessor/repo/Nano-Processor/Monishka_components/Monishka_components.srcs/sources_1/new/FA.vhd:12]
INFO: [Synth 8-3491] module 'FA' declared at 'C:/Users/Kaveen/Documents/CSE/SEM 2/CS1050 - Computer Oranization and Digital Design/Microprocessor/repo/Nano-Processor/Monishka_components/Monishka_components.srcs/sources_1/new/FA.vhd:4' bound to instance 'FA_1' of component 'FA' [C:/Users/Kaveen/Documents/CSE/SEM 2/CS1050 - Computer Oranization and Digital Design/Microprocessor/repo/Nano-Processor/Monishka_components/Monishka_components.srcs/sources_1/new/RCA_3.vhd:30]
INFO: [Synth 8-3491] module 'FA' declared at 'C:/Users/Kaveen/Documents/CSE/SEM 2/CS1050 - Computer Oranization and Digital Design/Microprocessor/repo/Nano-Processor/Monishka_components/Monishka_components.srcs/sources_1/new/FA.vhd:4' bound to instance 'FA_2' of component 'FA' [C:/Users/Kaveen/Documents/CSE/SEM 2/CS1050 - Computer Oranization and Digital Design/Microprocessor/repo/Nano-Processor/Monishka_components/Monishka_components.srcs/sources_1/new/RCA_3.vhd:38]
INFO: [Synth 8-256] done synthesizing module 'RCA_3' (5#1) [C:/Users/Kaveen/Documents/CSE/SEM 2/CS1050 - Computer Oranization and Digital Design/Microprocessor/repo/Nano-Processor/Monishka_components/Monishka_components.srcs/sources_1/new/RCA_3.vhd:12]
INFO: [Synth 8-3491] module 'Mux_2_way_3_bit' declared at 'C:/Users/Kaveen/Documents/CSE/SEM 2/CS1050 - Computer Oranization and Digital Design/Microprocessor/repo/Nano-Processor/Monishka_components/Monishka_components.srcs/sources_1/new/Mux_2_way_3_bit.vhd:4' bound to instance 'U_AddressSel' of component 'Mux_2_way_3_bit' [C:/Users/Kaveen/Documents/CSE/SEM 2/CS1050 - Computer Oranization and Digital Design/Microprocessor/nanoprocessor/nanoprocessor.srcs/sources_1/new/nanoprocessor.vhd:246]
INFO: [Synth 8-638] synthesizing module 'Mux_2_way_3_bit' [C:/Users/Kaveen/Documents/CSE/SEM 2/CS1050 - Computer Oranization and Digital Design/Microprocessor/repo/Nano-Processor/Monishka_components/Monishka_components.srcs/sources_1/new/Mux_2_way_3_bit.vhd:11]
INFO: [Synth 8-256] done synthesizing module 'Mux_2_way_3_bit' (6#1) [C:/Users/Kaveen/Documents/CSE/SEM 2/CS1050 - Computer Oranization and Digital Design/Microprocessor/repo/Nano-Processor/Monishka_components/Monishka_components.srcs/sources_1/new/Mux_2_way_3_bit.vhd:11]
INFO: [Synth 8-3491] module 'Program_ROM' declared at 'C:/Users/Kaveen/Documents/CSE/SEM 2/CS1050 - Computer Oranization and Digital Design/Microprocessor/repo/Nano-Processor/Program_ROM/Program_ROM.vhd:37' bound to instance 'U_ROM' of component 'Program_ROM' [C:/Users/Kaveen/Documents/CSE/SEM 2/CS1050 - Computer Oranization and Digital Design/Microprocessor/nanoprocessor/nanoprocessor.srcs/sources_1/new/nanoprocessor.vhd:255]
INFO: [Synth 8-638] synthesizing module 'Program_ROM' [C:/Users/Kaveen/Documents/CSE/SEM 2/CS1050 - Computer Oranization and Digital Design/Microprocessor/repo/Nano-Processor/Program_ROM/Program_ROM.vhd:44]
INFO: [Synth 8-256] done synthesizing module 'Program_ROM' (7#1) [C:/Users/Kaveen/Documents/CSE/SEM 2/CS1050 - Computer Oranization and Digital Design/Microprocessor/repo/Nano-Processor/Program_ROM/Program_ROM.vhd:44]
INFO: [Synth 8-3491] module 'Inst_Decoder' declared at 'C:/Users/Kaveen/Documents/CSE/SEM 2/CS1050 - Computer Oranization and Digital Design/Microprocessor/repo/Nano-Processor/Instruction_Decoder/Instruction_Decoder.srcs/sources_1/new/Inst_Decoder.vhd:15' bound to instance 'U_ID' of component 'Inst_Decoder' [C:/Users/Kaveen/Documents/CSE/SEM 2/CS1050 - Computer Oranization and Digital Design/Microprocessor/nanoprocessor/nanoprocessor.srcs/sources_1/new/nanoprocessor.vhd:263]
INFO: [Synth 8-638] synthesizing module 'Inst_Decoder' [C:/Users/Kaveen/Documents/CSE/SEM 2/CS1050 - Computer Oranization and Digital Design/Microprocessor/repo/Nano-Processor/Instruction_Decoder/Instruction_Decoder.srcs/sources_1/new/Inst_Decoder.vhd:30]
INFO: [Synth 8-226] default block is never used [C:/Users/Kaveen/Documents/CSE/SEM 2/CS1050 - Computer Oranization and Digital Design/Microprocessor/repo/Nano-Processor/Instruction_Decoder/Instruction_Decoder.srcs/sources_1/new/Inst_Decoder.vhd:56]
INFO: [Synth 8-256] done synthesizing module 'Inst_Decoder' (8#1) [C:/Users/Kaveen/Documents/CSE/SEM 2/CS1050 - Computer Oranization and Digital Design/Microprocessor/repo/Nano-Processor/Instruction_Decoder/Instruction_Decoder.srcs/sources_1/new/Inst_Decoder.vhd:30]
INFO: [Synth 8-3491] module 'Mux_2_way_4_bit' declared at 'C:/Users/Kaveen/Documents/CSE/SEM 2/CS1050 - Computer Oranization and Digital Design/Microprocessor/repo/Nano-Processor/Mux_2_way_4_bit/Mux_2_way_4_bit.srcs/sources_1/new/Mux_2_way_4_bit.vhd:34' bound to instance 'U_LoadSel' of component 'Mux_2_way_4_bit' [C:/Users/Kaveen/Documents/CSE/SEM 2/CS1050 - Computer Oranization and Digital Design/Microprocessor/nanoprocessor/nanoprocessor.srcs/sources_1/new/nanoprocessor.vhd:281]
INFO: [Synth 8-638] synthesizing module 'Mux_2_way_4_bit' [C:/Users/Kaveen/Documents/CSE/SEM 2/CS1050 - Computer Oranization and Digital Design/Microprocessor/repo/Nano-Processor/Mux_2_way_4_bit/Mux_2_way_4_bit.srcs/sources_1/new/Mux_2_way_4_bit.vhd:41]
INFO: [Synth 8-226] default block is never used [C:/Users/Kaveen/Documents/CSE/SEM 2/CS1050 - Computer Oranization and Digital Design/Microprocessor/repo/Nano-Processor/Mux_2_way_4_bit/Mux_2_way_4_bit.srcs/sources_1/new/Mux_2_way_4_bit.vhd:46]
INFO: [Synth 8-256] done synthesizing module 'Mux_2_way_4_bit' (9#1) [C:/Users/Kaveen/Documents/CSE/SEM 2/CS1050 - Computer Oranization and Digital Design/Microprocessor/repo/Nano-Processor/Mux_2_way_4_bit/Mux_2_way_4_bit.srcs/sources_1/new/Mux_2_way_4_bit.vhd:41]
INFO: [Synth 8-3491] module 'Register_Bank' declared at 'C:/Users/Kaveen/Documents/CSE/SEM 2/CS1050 - Computer Oranization and Digital Design/Microprocessor/repo/Nano-Processor/Register_Bank/Register_Bank.srcs/sources_1/new/Register_Bank.vhd:5' bound to instance 'U_Regbank' of component 'Register_Bank' [C:/Users/Kaveen/Documents/CSE/SEM 2/CS1050 - Computer Oranization and Digital Design/Microprocessor/nanoprocessor/nanoprocessor.srcs/sources_1/new/nanoprocessor.vhd:291]
INFO: [Synth 8-638] synthesizing module 'Register_Bank' [C:/Users/Kaveen/Documents/CSE/SEM 2/CS1050 - Computer Oranization and Digital Design/Microprocessor/repo/Nano-Processor/Register_Bank/Register_Bank.srcs/sources_1/new/Register_Bank.vhd:15]
INFO: [Synth 8-638] synthesizing module 'Decoder_3_to_8' [C:/Users/Kaveen/Documents/CSE/SEM 2/CS1050 - Computer Oranization and Digital Design/Microprocessor/repo/Nano-Processor/Register_Bank/Register_Bank.srcs/sources_1/new/Decoder_3_to_8.vhd:15]
INFO: [Synth 8-3491] module 'Decoder_2_to_4' declared at 'C:/Users/Kaveen/Documents/CSE/SEM 2/CS1050 - Computer Oranization and Digital Design/Microprocessor/repo/Nano-Processor/Register_Bank/Register_Bank.srcs/sources_1/new/Decoder_2_to_4.vhd:10' bound to instance 'Decoder_2_to_4_0' of component 'Decoder_2_to_4' [C:/Users/Kaveen/Documents/CSE/SEM 2/CS1050 - Computer Oranization and Digital Design/Microprocessor/repo/Nano-Processor/Register_Bank/Register_Bank.srcs/sources_1/new/Decoder_3_to_8.vhd:26]
INFO: [Synth 8-638] synthesizing module 'Decoder_2_to_4' [C:/Users/Kaveen/Documents/CSE/SEM 2/CS1050 - Computer Oranization and Digital Design/Microprocessor/repo/Nano-Processor/Register_Bank/Register_Bank.srcs/sources_1/new/Decoder_2_to_4.vhd:15]
INFO: [Synth 8-256] done synthesizing module 'Decoder_2_to_4' (10#1) [C:/Users/Kaveen/Documents/CSE/SEM 2/CS1050 - Computer Oranization and Digital Design/Microprocessor/repo/Nano-Processor/Register_Bank/Register_Bank.srcs/sources_1/new/Decoder_2_to_4.vhd:15]
INFO: [Synth 8-3491] module 'Decoder_2_to_4' declared at 'C:/Users/Kaveen/Documents/CSE/SEM 2/CS1050 - Computer Oranization and Digital Design/Microprocessor/repo/Nano-Processor/Register_Bank/Register_Bank.srcs/sources_1/new/Decoder_2_to_4.vhd:10' bound to instance 'Decoder_2_to_4_1' of component 'Decoder_2_to_4' [C:/Users/Kaveen/Documents/CSE/SEM 2/CS1050 - Computer Oranization and Digital Design/Microprocessor/repo/Nano-Processor/Register_Bank/Register_Bank.srcs/sources_1/new/Decoder_3_to_8.vhd:31]
INFO: [Synth 8-256] done synthesizing module 'Decoder_3_to_8' (11#1) [C:/Users/Kaveen/Documents/CSE/SEM 2/CS1050 - Computer Oranization and Digital Design/Microprocessor/repo/Nano-Processor/Register_Bank/Register_Bank.srcs/sources_1/new/Decoder_3_to_8.vhd:15]
INFO: [Synth 8-638] synthesizing module '\reg ' [C:/Users/Kaveen/Documents/CSE/SEM 2/CS1050 - Computer Oranization and Digital Design/Microprocessor/repo/Nano-Processor/Register_Bank/Register_Bank.srcs/sources_1/new/reg.vhd:17]
	Parameter N bound to: 4 - type: integer 
INFO: [Synth 8-256] done synthesizing module '\reg ' (12#1) [C:/Users/Kaveen/Documents/CSE/SEM 2/CS1050 - Computer Oranization and Digital Design/Microprocessor/repo/Nano-Processor/Register_Bank/Register_Bank.srcs/sources_1/new/reg.vhd:17]
INFO: [Synth 8-256] done synthesizing module 'Register_Bank' (13#1) [C:/Users/Kaveen/Documents/CSE/SEM 2/CS1050 - Computer Oranization and Digital Design/Microprocessor/repo/Nano-Processor/Register_Bank/Register_Bank.srcs/sources_1/new/Register_Bank.vhd:15]
INFO: [Synth 8-3491] module 'Mux_8_to_1_4bit' declared at 'C:/Users/Kaveen/Documents/CSE/SEM 2/CS1050 - Computer Oranization and Digital Design/Microprocessor/repo/Nano-Processor/Mux_8_to_1_4bit/Mux_8_to_1_4bit.srcs/sources_1/new/Mux_8_to_1_4bit.vhd:34' bound to instance 'U_MuxA' of component 'Mux_8_to_1_4bit' [C:/Users/Kaveen/Documents/CSE/SEM 2/CS1050 - Computer Oranization and Digital Design/Microprocessor/nanoprocessor/nanoprocessor.srcs/sources_1/new/nanoprocessor.vhd:303]
INFO: [Synth 8-638] synthesizing module 'Mux_8_to_1_4bit' [C:/Users/Kaveen/Documents/CSE/SEM 2/CS1050 - Computer Oranization and Digital Design/Microprocessor/repo/Nano-Processor/Mux_8_to_1_4bit/Mux_8_to_1_4bit.srcs/sources_1/new/Mux_8_to_1_4bit.vhd:47]
INFO: [Synth 8-226] default block is never used [C:/Users/Kaveen/Documents/CSE/SEM 2/CS1050 - Computer Oranization and Digital Design/Microprocessor/repo/Nano-Processor/Mux_8_to_1_4bit/Mux_8_to_1_4bit.srcs/sources_1/new/Mux_8_to_1_4bit.vhd:52]
INFO: [Synth 8-256] done synthesizing module 'Mux_8_to_1_4bit' (14#1) [C:/Users/Kaveen/Documents/CSE/SEM 2/CS1050 - Computer Oranization and Digital Design/Microprocessor/repo/Nano-Processor/Mux_8_to_1_4bit/Mux_8_to_1_4bit.srcs/sources_1/new/Mux_8_to_1_4bit.vhd:47]
INFO: [Synth 8-3491] module 'Mux_8_to_1_4bit' declared at 'C:/Users/Kaveen/Documents/CSE/SEM 2/CS1050 - Computer Oranization and Digital Design/Microprocessor/repo/Nano-Processor/Mux_8_to_1_4bit/Mux_8_to_1_4bit.srcs/sources_1/new/Mux_8_to_1_4bit.vhd:34' bound to instance 'U_MuxB' of component 'Mux_8_to_1_4bit' [C:/Users/Kaveen/Documents/CSE/SEM 2/CS1050 - Computer Oranization and Digital Design/Microprocessor/nanoprocessor/nanoprocessor.srcs/sources_1/new/nanoprocessor.vhd:320]
INFO: [Synth 8-3491] module 'Add_Sub_4' declared at 'C:/Users/Kaveen/Documents/CSE/SEM 2/CS1050 - Computer Oranization and Digital Design/Microprocessor/repo/Nano-Processor/nano_processor.srcs/sources_1/new/Add_Sub_4.vhd:34' bound to instance 'U_ALU' of component 'Add_Sub_4' [C:/Users/Kaveen/Documents/CSE/SEM 2/CS1050 - Computer Oranization and Digital Design/Microprocessor/nanoprocessor/nanoprocessor.srcs/sources_1/new/nanoprocessor.vhd:336]
INFO: [Synth 8-638] synthesizing module 'Add_Sub_4' [C:/Users/Kaveen/Documents/CSE/SEM 2/CS1050 - Computer Oranization and Digital Design/Microprocessor/repo/Nano-Processor/nano_processor.srcs/sources_1/new/Add_Sub_4.vhd:44]
INFO: [Synth 8-3491] module 'FA' declared at 'C:/Users/Kaveen/Documents/CSE/SEM 2/CS1050 - Computer Oranization and Digital Design/Microprocessor/repo/Nano-Processor/Monishka_components/Monishka_components.srcs/sources_1/new/FA.vhd:4' bound to instance 'FA0' of component 'FA' [C:/Users/Kaveen/Documents/CSE/SEM 2/CS1050 - Computer Oranization and Digital Design/Microprocessor/repo/Nano-Processor/nano_processor.srcs/sources_1/new/Add_Sub_4.vhd:60]
INFO: [Synth 8-3491] module 'FA' declared at 'C:/Users/Kaveen/Documents/CSE/SEM 2/CS1050 - Computer Oranization and Digital Design/Microprocessor/repo/Nano-Processor/Monishka_components/Monishka_components.srcs/sources_1/new/FA.vhd:4' bound to instance 'FA1' of component 'FA' [C:/Users/Kaveen/Documents/CSE/SEM 2/CS1050 - Computer Oranization and Digital Design/Microprocessor/repo/Nano-Processor/nano_processor.srcs/sources_1/new/Add_Sub_4.vhd:61]
INFO: [Synth 8-3491] module 'FA' declared at 'C:/Users/Kaveen/Documents/CSE/SEM 2/CS1050 - Computer Oranization and Digital Design/Microprocessor/repo/Nano-Processor/Monishka_components/Monishka_components.srcs/sources_1/new/FA.vhd:4' bound to instance 'FA2' of component 'FA' [C:/Users/Kaveen/Documents/CSE/SEM 2/CS1050 - Computer Oranization and Digital Design/Microprocessor/repo/Nano-Processor/nano_processor.srcs/sources_1/new/Add_Sub_4.vhd:62]
INFO: [Synth 8-3491] module 'FA' declared at 'C:/Users/Kaveen/Documents/CSE/SEM 2/CS1050 - Computer Oranization and Digital Design/Microprocessor/repo/Nano-Processor/Monishka_components/Monishka_components.srcs/sources_1/new/FA.vhd:4' bound to instance 'FA3' of component 'FA' [C:/Users/Kaveen/Documents/CSE/SEM 2/CS1050 - Computer Oranization and Digital Design/Microprocessor/repo/Nano-Processor/nano_processor.srcs/sources_1/new/Add_Sub_4.vhd:63]
INFO: [Synth 8-256] done synthesizing module 'Add_Sub_4' (15#1) [C:/Users/Kaveen/Documents/CSE/SEM 2/CS1050 - Computer Oranization and Digital Design/Microprocessor/repo/Nano-Processor/nano_processor.srcs/sources_1/new/Add_Sub_4.vhd:44]
INFO: [Synth 8-3491] module 'Seven_seg_LUT' declared at 'C:/Users/Kaveen/Documents/CSE/SEM 2/CS1050 - Computer Oranization and Digital Design/Microprocessor/repo/Nano-Processor/Seven_Segment_Display_LUT/7_seg_LUT.srcs/sources_1/new/Seven_seg_LUT.vhd:35' bound to instance 'U_SevSegLUT' of component 'Seven_seg_LUT' [C:/Users/Kaveen/Documents/CSE/SEM 2/CS1050 - Computer Oranization and Digital Design/Microprocessor/nanoprocessor/nanoprocessor.srcs/sources_1/new/nanoprocessor.vhd:349]
INFO: [Synth 8-638] synthesizing module 'Seven_seg_LUT' [C:/Users/Kaveen/Documents/CSE/SEM 2/CS1050 - Computer Oranization and Digital Design/Microprocessor/repo/Nano-Processor/Seven_Segment_Display_LUT/7_seg_LUT.srcs/sources_1/new/Seven_seg_LUT.vhd:40]
INFO: [Synth 8-256] done synthesizing module 'Seven_seg_LUT' (16#1) [C:/Users/Kaveen/Documents/CSE/SEM 2/CS1050 - Computer Oranization and Digital Design/Microprocessor/repo/Nano-Processor/Seven_Segment_Display_LUT/7_seg_LUT.srcs/sources_1/new/Seven_seg_LUT.vhd:40]
INFO: [Synth 8-256] done synthesizing module 'nanoprocessor' (17#1) [C:/Users/Kaveen/Documents/CSE/SEM 2/CS1050 - Computer Oranization and Digital Design/Microprocessor/nanoprocessor/nanoprocessor.srcs/sources_1/new/nanoprocessor.vhd:51]
WARNING: [Synth 8-3917] design nanoprocessor has port anode[3] driven by constant 1
WARNING: [Synth 8-3917] design nanoprocessor has port anode[2] driven by constant 1
WARNING: [Synth 8-3917] design nanoprocessor has port anode[1] driven by constant 1
WARNING: [Synth 8-3917] design nanoprocessor has port anode[0] driven by constant 0
---------------------------------------------------------------------------------
Finished RTL Elaboration : Time (s): cpu = 00:00:04 ; elapsed = 00:00:05 . Memory (MB): peak = 1468.773 ; gain = 51.805
---------------------------------------------------------------------------------

Report Check Netlist: 
+------+------------------+-------+---------+-------+------------------+
|      |Item              |Errors |Warnings |Status |Description       |
+------+------------------+-------+---------+-------+------------------+
|1     |multi_driven_nets |      0|        0|Passed |Multi driven nets |
+------+------------------+-------+---------+-------+------------------+
---------------------------------------------------------------------------------
Start Handling Custom Attributes
---------------------------------------------------------------------------------
---------------------------------------------------------------------------------
Finished Handling Custom Attributes : Time (s): cpu = 00:00:04 ; elapsed = 00:00:05 . Memory (MB): peak = 1468.773 ; gain = 51.805
---------------------------------------------------------------------------------
---------------------------------------------------------------------------------
Finished RTL Optimization Phase 1 : Time (s): cpu = 00:00:04 ; elapsed = 00:00:05 . Memory (MB): peak = 1468.773 ; gain = 51.805
---------------------------------------------------------------------------------
INFO: [Project 1-570] Preparing netlist for logic optimization
INFO: [Opt 31-141] Inserted 4 OBUFs to IO ports without IO buffers.

Processing XDC Constraints
Initializing timing engine
Completed Processing XDC Constraints

INFO: [Opt 31-138] Pushed 0 inverter(s) to 0 load pin(s).
refresh_design: Time (s): cpu = 00:00:23 ; elapsed = 00:00:19 . Memory (MB): peak = 1582.906 ; gain = 165.938
close_sim
INFO: [Simtcl 6-16] Simulation closed
launch_simulation
INFO: [Vivado 12-5682] Launching behavioral simulation in 'C:/Users/Kaveen/Documents/CSE/SEM 2/CS1050 - Computer Oranization and Digital Design/Microprocessor/nanoprocessor/nanoprocessor.sim/sim_1/behav/xsim'
INFO: [SIM-utils-51] Simulation object is 'sim_1'
INFO: [SIM-utils-54] Inspecting design source files for 'NanoProcessor_TB' in fileset 'sim_1'...
INFO: [USF-XSim-97] Finding global include files...
INFO: [USF-XSim-98] Fetching design files from 'sim_1'...
INFO: [USF-XSim-2] XSim::Compile design
INFO: [USF-XSim-61] Executing 'COMPILE and ANALYZE' step in 'C:/Users/Kaveen/Documents/CSE/SEM 2/CS1050 - Computer Oranization and Digital Design/Microprocessor/nanoprocessor/nanoprocessor.sim/sim_1/behav/xsim'
"xvhdl --incr --relax -prj NanoProcessor_TB_vhdl.prj"
INFO: [USF-XSim-69] 'compile' step finished in '2' seconds
INFO: [USF-XSim-3] XSim::Elaborate design
INFO: [USF-XSim-61] Executing 'ELABORATE' step in 'C:/Users/Kaveen/Documents/CSE/SEM 2/CS1050 - Computer Oranization and Digital Design/Microprocessor/nanoprocessor/nanoprocessor.sim/sim_1/behav/xsim'
Vivado Simulator 2018.2
Copyright 1986-1999, 2001-2018 Xilinx, Inc. All Rights Reserved.
Running: C:/Xilinx/Vivado/2018.2/bin/unwrapped/win64.o/xelab.exe -wto 5717fb577eea48cb891c53659340b47b --incr --debug typical --relax --mt 2 -L xil_defaultlib -L secureip --snapshot NanoProcessor_TB_behav xil_defaultlib.NanoProcessor_TB -log elaborate.log 
Using 2 slave threads.
Starting static elaboration
Completed static elaboration
INFO: [XSIM 43-4323] No Change in HDL. Linking previously generated obj files to create kernel
INFO: [USF-XSim-69] 'elaborate' step finished in '3' seconds
INFO: [USF-XSim-4] XSim::Simulate design
INFO: [USF-XSim-61] Executing 'SIMULATE' step in 'C:/Users/Kaveen/Documents/CSE/SEM 2/CS1050 - Computer Oranization and Digital Design/Microprocessor/nanoprocessor/nanoprocessor.sim/sim_1/behav/xsim'
INFO: [USF-XSim-98] *** Running xsim
   with args "NanoProcessor_TB_behav -key {Behavioral:sim_1:Functional:NanoProcessor_TB} -tclbatch {NanoProcessor_TB.tcl} -log {simulate.log}"
INFO: [USF-XSim-8] Loading simulator feature
Vivado Simulator 2018.2
Time resolution is 1 ps
source NanoProcessor_TB.tcl
# set curr_wave [current_wave_config]
# if { [string length $curr_wave] == 0 } {
#   if { [llength [get_objects]] > 0} {
#     add_wave /
#     set_property needs_save false [current_wave_config]
#   } else {
#      send_msg_id Add_Wave-1 WARNING "No top level signals found. Simulator will start without a wave window. If you want to open a wave window go to 'File->New Waveform Configuration' or type 'create_wave_config' in the TCL console."
#   }
# }
# run 1000ns
INFO: [USF-XSim-96] XSim completed. Design snapshot 'NanoProcessor_TB_behav' loaded.
INFO: [USF-XSim-97] XSim simulation ran for 1000ns
launch_simulation: Time (s): cpu = 00:00:07 ; elapsed = 00:00:08 . Memory (MB): peak = 1582.906 ; gain = 0.000
reset_run synth_1
WARNING: [Vivado 12-1017] Problems encountered:
1. Failed to delete one or more files in run directory C:/Users/Kaveen/Documents/CSE/SEM 2/CS1050 - Computer Oranization and Digital Design/Microprocessor/nanoprocessor/nanoprocessor.runs/synth_1

launch_runs synth_1 -jobs 8
[Tue May  5 12:46:16 2026] Launched synth_1...
Run output will be captured here: C:/Users/Kaveen/Documents/CSE/SEM 2/CS1050 - Computer Oranization and Digital Design/Microprocessor/nanoprocessor/nanoprocessor.runs/synth_1/runme.log
launch_runs impl_1 -jobs 8
[Tue May  5 12:46:56 2026] Launched impl_1...
Run output will be captured here: C:/Users/Kaveen/Documents/CSE/SEM 2/CS1050 - Computer Oranization and Digital Design/Microprocessor/nanoprocessor/nanoprocessor.runs/impl_1/runme.log
file mkdir C:/Users/Kaveen/Documents/CSE/SEM 2/CS1050 - Computer Oranization and Digital Design/Microprocessor/nanoprocessor/nanoprocessor.srcs/constrs_1
file mkdir C:/Users/Kaveen/Documents/CSE/SEM 2/CS1050 - Computer Oranization and Digital Design/Microprocessor/nanoprocessor/nanoprocessor.srcs/constrs_1
file mkdir C:/Users/Kaveen/Documents/CSE/SEM 2/CS1050 - Computer Oranization and Digital Design/Microprocessor/nanoprocessor/nanoprocessor.srcs/constrs_1/new
file mkdir C:/Users/Kaveen/Documents/CSE/SEM 2/CS1050 - Computer Oranization and Digital Design/Microprocessor/nanoprocessor/nanoprocessor.srcs/constrs_1/new
file mkdir C:/Users/Kaveen/Documents/CSE/SEM 2/CS1050 - Computer Oranization and Digital Design/Microprocessor/nanoprocessor/nanoprocessor.srcs/constrs_1/new
file mkdir C:/Users/Kaveen/Documents/CSE/SEM 2/CS1050 - Computer Oranization and Digital Design/Microprocessor/nanoprocessor/nanoprocessor.srcs/constrs_1/new
file mkdir C:/Users/Kaveen/Documents/CSE/SEM 2/CS1050 - Computer Oranization and Digital Design/Microprocessor/nanoprocessor/nanoprocessor.srcs/constrs_1
file mkdir {C:/Users/Kaveen/Documents/CSE/SEM 2/CS1050 - Computer Oranization and Digital Design/Microprocessor/nanoprocessor/nanoprocessor.srcs/constrs_1/new}
close [ open {C:/Users/Kaveen/Documents/CSE/SEM 2/CS1050 - Computer Oranization and Digital Design/Microprocessor/nanoprocessor/nanoprocessor.srcs/constrs_1/new/nanoprocessorconst.xdc} w ]
add_files -fileset constrs_1 {{C:/Users/Kaveen/Documents/CSE/SEM 2/CS1050 - Computer Oranization and Digital Design/Microprocessor/nanoprocessor/nanoprocessor.srcs/constrs_1/new/nanoprocessorconst.xdc}}
reset_run synth_1
WARNING: [Vivado 12-1017] Problems encountered:
1. Failed to delete one or more files in run directory C:/Users/Kaveen/Documents/CSE/SEM 2/CS1050 - Computer Oranization and Digital Design/Microprocessor/nanoprocessor/nanoprocessor.runs/synth_1

launch_runs synth_1 -jobs 8
[Tue May  5 13:00:37 2026] Launched synth_1...
Run output will be captured here: C:/Users/Kaveen/Documents/CSE/SEM 2/CS1050 - Computer Oranization and Digital Design/Microprocessor/nanoprocessor/nanoprocessor.runs/synth_1/runme.log
launch_runs impl_1 -jobs 8
[Tue May  5 13:01:28 2026] Launched impl_1...
Run output will be captured here: C:/Users/Kaveen/Documents/CSE/SEM 2/CS1050 - Computer Oranization and Digital Design/Microprocessor/nanoprocessor/nanoprocessor.runs/impl_1/runme.log
launch_runs impl_1 -to_step write_bitstream -jobs 8
[Tue May  5 13:02:46 2026] Launched impl_1...
Run output will be captured here: C:/Users/Kaveen/Documents/CSE/SEM 2/CS1050 - Computer Oranization and Digital Design/Microprocessor/nanoprocessor/nanoprocessor.runs/impl_1/runme.log
reset_run synth_1
WARNING: [Vivado 12-1017] Problems encountered:
1. Failed to delete one or more files in run directory C:/Users/Kaveen/Documents/CSE/SEM 2/CS1050 - Computer Oranization and Digital Design/Microprocessor/nanoprocessor/nanoprocessor.runs/synth_1

launch_runs synth_1 -jobs 8
[Tue May  5 13:10:34 2026] Launched synth_1...
Run output will be captured here: C:/Users/Kaveen/Documents/CSE/SEM 2/CS1050 - Computer Oranization and Digital Design/Microprocessor/nanoprocessor/nanoprocessor.runs/synth_1/runme.log
launch_runs impl_1 -jobs 8
[Tue May  5 13:11:19 2026] Launched impl_1...
Run output will be captured here: C:/Users/Kaveen/Documents/CSE/SEM 2/CS1050 - Computer Oranization and Digital Design/Microprocessor/nanoprocessor/nanoprocessor.runs/impl_1/runme.log
launch_runs impl_1 -to_step write_bitstream -jobs 8
[Tue May  5 13:12:23 2026] Launched impl_1...
Run output will be captured here: C:/Users/Kaveen/Documents/CSE/SEM 2/CS1050 - Computer Oranization and Digital Design/Microprocessor/nanoprocessor/nanoprocessor.runs/impl_1/runme.log
reset_run synth_1
WARNING: [Vivado 12-1017] Problems encountered:
1. Failed to delete one or more files in run directory C:/Users/Kaveen/Documents/CSE/SEM 2/CS1050 - Computer Oranization and Digital Design/Microprocessor/nanoprocessor/nanoprocessor.runs/synth_1

launch_runs synth_1 -jobs 8
[Tue May  5 13:19:21 2026] Launched synth_1...
Run output will be captured here: C:/Users/Kaveen/Documents/CSE/SEM 2/CS1050 - Computer Oranization and Digital Design/Microprocessor/nanoprocessor/nanoprocessor.runs/synth_1/runme.log
launch_runs impl_1 -jobs 8
[Tue May  5 13:20:19 2026] Launched impl_1...
Run output will be captured here: C:/Users/Kaveen/Documents/CSE/SEM 2/CS1050 - Computer Oranization and Digital Design/Microprocessor/nanoprocessor/nanoprocessor.runs/impl_1/runme.log
launch_runs impl_1 -to_step write_bitstream -jobs 8
[Tue May  5 13:21:41 2026] Launched impl_1...
Run output will be captured here: C:/Users/Kaveen/Documents/CSE/SEM 2/CS1050 - Computer Oranization and Digital Design/Microprocessor/nanoprocessor/nanoprocessor.runs/impl_1/runme.log
open_hw
connect_hw_server
INFO: [Labtools 27-2285] Connecting to hw_server url TCP:localhost:3121
INFO: [Labtools 27-2222] Launching hw_server...
INFO: [Labtools 27-2221] Launch Output:

****** Xilinx hw_server v2018.2
  **** Build date : Jun 14 2018-20:42:52
    ** Copyright 1986-2018 Xilinx, Inc. All Rights Reserved.


disconnect_hw_server localhost:3121
connect_hw_server
INFO: [Labtools 27-2285] Connecting to hw_server url TCP:localhost:3121
disconnect_hw_server localhost:3121
connect_hw_server
INFO: [Labtools 27-2285] Connecting to hw_server url TCP:localhost:3121
disconnect_hw_server localhost:3121
connect_hw_server
INFO: [Labtools 27-2285] Connecting to hw_server url TCP:localhost:3121
disconnect_hw_server localhost:3121
connect_hw_server
INFO: [Labtools 27-2285] Connecting to hw_server url TCP:localhost:3121
disconnect_hw_server localhost:3121
connect_hw_server
INFO: [Labtools 27-2285] Connecting to hw_server url TCP:localhost:3121
refresh_hw_server {localhost:3121}
WARNING: [Labtoolstcl 44-27] No hardware targets exist on the server [localhost:3121]
Check to make sure the cable targets connected to this machine are properly connected
and powered up, then use the refresh_hw_server command to re-register the hardware targets.
close_hw
